101.05.11 09:52 B D:\RGD\2.0\dorado\WWW\maps\images\SHRSP_X_BN\#GENETIC_SHRSP_X_BN_01.html# <-- dorado /rgd_home/2.0/WWW/maps/images/SHRSP_X_BN #GENETIC_SHRSP_X_BN_01.html#
101.05.11 09:52 B D:\RGD\2.0\dorado\WWW\maps\images\SHRSP_X_BN\GENETIC_SHRSP_X_BN_01.gif <-- dorado /rgd_home/2.0/WWW/maps/images/SHRSP_X_BN GENETIC_SHRSP_X_BN_01.gif
101.05.11 09:52 A D:\RGD\2.0\dorado\WWW\maps\images\SHRSP_X_BN\GENETIC_SHRSP_X_BN_01.htm <-- dorado /rgd_home/2.0/WWW/maps/images/SHRSP_X_BN GENETIC_SHRSP_X_BN_01.htm
101.05.11 09:52 A D:\RGD\2.0\dorado\WWW\maps\images\SHRSP_X_BN\GENETIC_SHRSP_X_BN_01.html <-- dorado /rgd_home/2.0/WWW/maps/images/SHRSP_X_BN GENETIC_SHRSP_X_BN_01.html
101.05.11 09:52 B D:\RGD\2.0\dorado\WWW\maps\images\SHRSP_X_BN\GENETIC_SHRSP_X_BN_01.pdf <-- dorado /rgd_home/2.0/WWW/maps/images/SHRSP_X_BN GENETIC_SHRSP_X_BN_01.pdf
101.05.11 09:52 A D:\RGD\2.0\dorado\WWW\maps\images\SHRSP_X_BN\GENETIC_SHRSP_X_BN_01_old.htm <-- dorado /rgd_home/2.0/WWW/maps/images/SHRSP_X_BN GENETIC_SHRSP_X_BN_01_old.htm
101.05.11 09:52 B D:\RGD\2.0\dorado\WWW\maps\images\SHRSP_X_BN\GENETIC_SHRSP_X_BN_02.gif <-- dorado /rgd_home/2.0/WWW/maps/images/SHRSP_X_BN GENETIC_SHRSP_X_BN_02.gif
101.05.11 09:52 A D:\RGD\2.0\dorado\WWW\maps\images\SHRSP_X_BN\GENETIC_SHRSP_X_BN_02.htm <-- dorado /rgd_home/2.0/WWW/maps/images/SHRSP_X_BN GENETIC_SHRSP_X_BN_02.htm
101.05.11 09:52 A D:\RGD\2.0\dorado\WWW\maps\images\SHRSP_X_BN\GENETIC_SHRSP_X_BN_02.html <-- dorado /rgd_home/2.0/WWW/maps/images/SHRSP_X_BN GENETIC_SHRSP_X_BN_02.html
101.05.11 09:52 B D:\RGD\2.0\dorado\WWW\maps\images\SHRSP_X_BN\GENETIC_SHRSP_X_BN_02.pdf <-- dorado /rgd_home/2.0/WWW/maps/images/SHRSP_X_BN GENETIC_SHRSP_X_BN_02.pdf
101.05.11 09:52 B D:\RGD\2.0\dorado\WWW\maps\images\SHRSP_X_BN\GENETIC_SHRSP_X_BN_03.gif <-- dorado /rgd_home/2.0/WWW/maps/images/SHRSP_X_BN GENETIC_SHRSP_X_BN_03.gif
101.05.11 09:52 A D:\RGD\2.0\dorado\WWW\maps\images\SHRSP_X_BN\GENETIC_SHRSP_X_BN_03.html <-- dorado /rgd_home/2.0/WWW/maps/images/SHRSP_X_BN GENETIC_SHRSP_X_BN_03.html
101.05.11 09:52 B D:\RGD\2.0\dorado\WWW\maps\images\SHRSP_X_BN\GENETIC_SHRSP_X_BN_03.pdf <-- dorado /rgd_home/2.0/WWW/maps/images/SHRSP_X_BN GENETIC_SHRSP_X_BN_03.pdf
101.05.11 09:52 B D:\RGD\2.0\dorado\WWW\maps\images\SHRSP_X_BN\GENETIC_SHRSP_X_BN_04.gif <-- dorado /rgd_home/2.0/WWW/maps/images/SHRSP_X_BN GENETIC_SHRSP_X_BN_04.gif
101.05.11 09:52 A D:\RGD\2.0\dorado\WWW\maps\images\SHRSP_X_BN\GENETIC_SHRSP_X_BN_04.html <-- dorado /rgd_home/2.0/WWW/maps/images/SHRSP_X_BN GENETIC_SHRSP_X_BN_04.html
101.05.11 09:52 B D:\RGD\2.0\dorado\WWW\maps\images\SHRSP_X_BN\GENETIC_SHRSP_X_BN_04.pdf <-- dorado /rgd_home/2.0/WWW/maps/images/SHRSP_X_BN GENETIC_SHRSP_X_BN_04.pdf
101.05.11 09:52 B D:\RGD\2.0\dorado\WWW\maps\images\SHRSP_X_BN\GENETIC_SHRSP_X_BN_05.gif <-- dorado /rgd_home/2.0/WWW/maps/images/SHRSP_X_BN GENETIC_SHRSP_X_BN_05.gif
101.05.11 09:52 A D:\RGD\2.0\dorado\WWW\maps\images\SHRSP_X_BN\GENETIC_SHRSP_X_BN_05.html <-- dorado /rgd_home/2.0/WWW/maps/images/SHRSP_X_BN GENETIC_SHRSP_X_BN_05.html
101.05.11 09:52 B D:\RGD\2.0\dorado\WWW\maps\images\SHRSP_X_BN\GENETIC_SHRSP_X_BN_05.pdf <-- dorado /rgd_home/2.0/WWW/maps/images/SHRSP_X_BN GENETIC_SHRSP_X_BN_05.pdf
101.05.11 09:52 B D:\RGD\2.0\dorado\WWW\maps\images\SHRSP_X_BN\GENETIC_SHRSP_X_BN_06.gif <-- dorado /rgd_home/2.0/WWW/maps/images/SHRSP_X_BN GENETIC_SHRSP_X_BN_06.gif
101.05.11 09:52 A D:\RGD\2.0\dorado\WWW\maps\images\SHRSP_X_BN\GENETIC_SHRSP_X_BN_06.html <-- dorado /rgd_home/2.0/WWW/maps/images/SHRSP_X_BN GENETIC_SHRSP_X_BN_06.html
101.05.11 09:52 B D:\RGD\2.0\dorado\WWW\maps\images\SHRSP_X_BN\GENETIC_SHRSP_X_BN_06.pdf <-- dorado /rgd_home/2.0/WWW/maps/images/SHRSP_X_BN GENETIC_SHRSP_X_BN_06.pdf
101.05.11 09:52 B D:\RGD\2.0\dorado\WWW\maps\images\SHRSP_X_BN\GENETIC_SHRSP_X_BN_07.gif <-- dorado /rgd_home/2.0/WWW/maps/images/SHRSP_X_BN GENETIC_SHRSP_X_BN_07.gif
101.05.11 09:52 A D:\RGD\2.0\dorado\WWW\maps\images\SHRSP_X_BN\GENETIC_SHRSP_X_BN_07.html <-- dorado /rgd_home/2.0/WWW/maps/images/SHRSP_X_BN GENETIC_SHRSP_X_BN_07.html
101.05.11 09:52 B D:\RGD\2.0\dorado\WWW\maps\images\SHRSP_X_BN\GENETIC_SHRSP_X_BN_07.pdf <-- dorado /rgd_home/2.0/WWW/maps/images/SHRSP_X_BN GENETIC_SHRSP_X_BN_07.pdf
101.05.11 09:52 B D:\RGD\2.0\dorado\WWW\maps\images\SHRSP_X_BN\GENETIC_SHRSP_X_BN_08.gif <-- dorado /rgd_home/2.0/WWW/maps/images/SHRSP_X_BN GENETIC_SHRSP_X_BN_08.gif
101.05.11 09:52 A D:\RGD\2.0\dorado\WWW\maps\images\SHRSP_X_BN\GENETIC_SHRSP_X_BN_08.html <-- dorado /rgd_home/2.0/WWW/maps/images/SHRSP_X_BN GENETIC_SHRSP_X_BN_08.html
101.05.11 09:52 B D:\RGD\2.0\dorado\WWW\maps\images\SHRSP_X_BN\GENETIC_SHRSP_X_BN_08.pdf <-- dorado /rgd_home/2.0/WWW/maps/images/SHRSP_X_BN GENETIC_SHRSP_X_BN_08.pdf
101.05.11 09:52 B D:\RGD\2.0\dorado\WWW\maps\images\SHRSP_X_BN\GENETIC_SHRSP_X_BN_09.gif <-- dorado /rgd_home/2.0/WWW/maps/images/SHRSP_X_BN GENETIC_SHRSP_X_BN_09.gif
101.05.11 09:52 A D:\RGD\2.0\dorado\WWW\maps\images\SHRSP_X_BN\GENETIC_SHRSP_X_BN_09.html <-- dorado /rgd_home/2.0/WWW/maps/images/SHRSP_X_BN GENETIC_SHRSP_X_BN_09.html
101.05.11 09:52 B D:\RGD\2.0\dorado\WWW\maps\images\SHRSP_X_BN\GENETIC_SHRSP_X_BN_09.pdf <-- dorado /rgd_home/2.0/WWW/maps/images/SHRSP_X_BN GENETIC_SHRSP_X_BN_09.pdf
101.05.11 09:52 B D:\RGD\2.0\dorado\WWW\maps\images\SHRSP_X_BN\GENETIC_SHRSP_X_BN_10.gif <-- dorado /rgd_home/2.0/WWW/maps/images/SHRSP_X_BN GENETIC_SHRSP_X_BN_10.gif
101.05.11 09:52 A D:\RGD\2.0\dorado\WWW\maps\images\SHRSP_X_BN\GENETIC_SHRSP_X_BN_10.html <-- dorado /rgd_home/2.0/WWW/maps/images/SHRSP_X_BN GENETIC_SHRSP_X_BN_10.html
101.05.11 09:52 B D:\RGD\2.0\dorado\WWW\maps\images\SHRSP_X_BN\GENETIC_SHRSP_X_BN_10.pdf <-- dorado /rgd_home/2.0/WWW/maps/images/SHRSP_X_BN GENETIC_SHRSP_X_BN_10.pdf
101.05.11 09:52 B D:\RGD\2.0\dorado\WWW\maps\images\SHRSP_X_BN\GENETIC_SHRSP_X_BN_11.gif <-- dorado /rgd_home/2.0/WWW/maps/images/SHRSP_X_BN GENETIC_SHRSP_X_BN_11.gif
101.05.11 09:52 A D:\RGD\2.0\dorado\WWW\maps\images\SHRSP_X_BN\GENETIC_SHRSP_X_BN_11.html <-- dorado /rgd_home/2.0/WWW/maps/images/SHRSP_X_BN GENETIC_SHRSP_X_BN_11.html
101.05.11 09:52 B D:\RGD\2.0\dorado\WWW\maps\images\SHRSP_X_BN\GENETIC_SHRSP_X_BN_11.pdf <-- dorado /rgd_home/2.0/WWW/maps/images/SHRSP_X_BN GENETIC_SHRSP_X_BN_11.pdf
101.05.11 09:52 B D:\RGD\2.0\dorado\WWW\maps\images\SHRSP_X_BN\GENETIC_SHRSP_X_BN_12.gif <-- dorado /rgd_home/2.0/WWW/maps/images/SHRSP_X_BN GENETIC_SHRSP_X_BN_12.gif
101.05.11 09:52 A D:\RGD\2.0\dorado\WWW\maps\images\SHRSP_X_BN\GENETIC_SHRSP_X_BN_12.html <-- dorado /rgd_home/2.0/WWW/maps/images/SHRSP_X_BN GENETIC_SHRSP_X_BN_12.html
101.05.11 09:52 B D:\RGD\2.0\dorado\WWW\maps\images\SHRSP_X_BN\GENETIC_SHRSP_X_BN_12.pdf <-- dorado /rgd_home/2.0/WWW/maps/images/SHRSP_X_BN GENETIC_SHRSP_X_BN_12.pdf
101.05.11 09:52 B D:\RGD\2.0\dorado\WWW\maps\images\SHRSP_X_BN\GENETIC_SHRSP_X_BN_13.gif <-- dorado /rgd_home/2.0/WWW/maps/images/SHRSP_X_BN GENETIC_SHRSP_X_BN_13.gif
101.05.11 09:52 A D:\RGD\2.0\dorado\WWW\maps\images\SHRSP_X_BN\GENETIC_SHRSP_X_BN_13.html <-- dorado /rgd_home/2.0/WWW/maps/images/SHRSP_X_BN GENETIC_SHRSP_X_BN_13.html
101.05.11 09:52 B D:\RGD\2.0\dorado\WWW\maps\images\SHRSP_X_BN\GENETIC_SHRSP_X_BN_13.pdf <-- dorado /rgd_home/2.0/WWW/maps/images/SHRSP_X_BN GENETIC_SHRSP_X_BN_13.pdf
101.05.11 09:52 B D:\RGD\2.0\dorado\WWW\maps\images\SHRSP_X_BN\GENETIC_SHRSP_X_BN_14.gif <-- dorado /rgd_home/2.0/WWW/maps/images/SHRSP_X_BN GENETIC_SHRSP_X_BN_14.gif
101.05.11 09:52 A D:\RGD\2.0\dorado\WWW\maps\images\SHRSP_X_BN\GENETIC_SHRSP_X_BN_14.html <-- dorado /rgd_home/2.0/WWW/maps/images/SHRSP_X_BN GENETIC_SHRSP_X_BN_14.html
101.05.11 09:52 B D:\RGD\2.0\dorado\WWW\maps\images\SHRSP_X_BN\GENETIC_SHRSP_X_BN_14.pdf <-- dorado /rgd_home/2.0/WWW/maps/images/SHRSP_X_BN GENETIC_SHRSP_X_BN_14.pdf
101.05.11 09:52 B D:\RGD\2.0\dorado\WWW\maps\images\SHRSP_X_BN\GENETIC_SHRSP_X_BN_15.gif <-- dorado /rgd_home/2.0/WWW/maps/images/SHRSP_X_BN GENETIC_SHRSP_X_BN_15.gif
101.05.11 09:52 A D:\RGD\2.0\dorado\WWW\maps\images\SHRSP_X_BN\GENETIC_SHRSP_X_BN_15.html <-- dorado /rgd_home/2.0/WWW/maps/images/SHRSP_X_BN GENETIC_SHRSP_X_BN_15.html
101.05.11 09:52 B D:\RGD\2.0\dorado\WWW\maps\images\SHRSP_X_BN\GENETIC_SHRSP_X_BN_15.pdf <-- dorado /rgd_home/2.0/WWW/maps/images/SHRSP_X_BN GENETIC_SHRSP_X_BN_15.pdf
101.05.11 09:52 B D:\RGD\2.0\dorado\WWW\maps\images\SHRSP_X_BN\GENETIC_SHRSP_X_BN_16.gif <-- dorado /rgd_home/2.0/WWW/maps/images/SHRSP_X_BN GENETIC_SHRSP_X_BN_16.gif
101.05.11 09:52 A D:\RGD\2.0\dorado\WWW\maps\images\SHRSP_X_BN\GENETIC_SHRSP_X_BN_16.html <-- dorado /rgd_home/2.0/WWW/maps/images/SHRSP_X_BN GENETIC_SHRSP_X_BN_16.html
101.05.11 09:52 B D:\RGD\2.0\dorado\WWW\maps\images\SHRSP_X_BN\GENETIC_SHRSP_X_BN_16.pdf <-- dorado /rgd_home/2.0/WWW/maps/images/SHRSP_X_BN GENETIC_SHRSP_X_BN_16.pdf
101.05.11 09:52 B D:\RGD\2.0\dorado\WWW\maps\images\SHRSP_X_BN\GENETIC_SHRSP_X_BN_17.gif <-- dorado /rgd_home/2.0/WWW/maps/images/SHRSP_X_BN GENETIC_SHRSP_X_BN_17.gif
101.05.11 09:52 A D:\RGD\2.0\dorado\WWW\maps\images\SHRSP_X_BN\GENETIC_SHRSP_X_BN_17.html <-- dorado /rgd_home/2.0/WWW/maps/images/SHRSP_X_BN GENETIC_SHRSP_X_BN_17.html
101.05.11 09:52 B D:\RGD\2.0\dorado\WWW\maps\images\SHRSP_X_BN\GENETIC_SHRSP_X_BN_17.pdf <-- dorado /rgd_home/2.0/WWW/maps/images/SHRSP_X_BN GENETIC_SHRSP_X_BN_17.pdf
101.05.11 09:52 B D:\RGD\2.0\dorado\WWW\maps\images\SHRSP_X_BN\GENETIC_SHRSP_X_BN_18.gif <-- dorado /rgd_home/2.0/WWW/maps/images/SHRSP_X_BN GENETIC_SHRSP_X_BN_18.gif
101.05.11 09:52 A D:\RGD\2.0\dorado\WWW\maps\images\SHRSP_X_BN\GENETIC_SHRSP_X_BN_18.html <-- dorado /rgd_home/2.0/WWW/maps/images/SHRSP_X_BN GENETIC_SHRSP_X_BN_18.html
101.05.11 09:52 B D:\RGD\2.0\dorado\WWW\maps\images\SHRSP_X_BN\GENETIC_SHRSP_X_BN_18.pdf <-- dorado /rgd_home/2.0/WWW/maps/images/SHRSP_X_BN GENETIC_SHRSP_X_BN_18.pdf
101.05.11 09:52 B D:\RGD\2.0\dorado\WWW\maps\images\SHRSP_X_BN\GENETIC_SHRSP_X_BN_19.gif <-- dorado /rgd_home/2.0/WWW/maps/images/SHRSP_X_BN GENETIC_SHRSP_X_BN_19.gif
101.05.11 09:52 A D:\RGD\2.0\dorado\WWW\maps\images\SHRSP_X_BN\GENETIC_SHRSP_X_BN_19.html <-- dorado /rgd_home/2.0/WWW/maps/images/SHRSP_X_BN GENETIC_SHRSP_X_BN_19.html
101.05.11 09:52 B D:\RGD\2.0\dorado\WWW\maps\images\SHRSP_X_BN\GENETIC_SHRSP_X_BN_19.pdf <-- dorado /rgd_home/2.0/WWW/maps/images/SHRSP_X_BN GENETIC_SHRSP_X_BN_19.pdf
101.05.11 09:52 B D:\RGD\2.0\dorado\WWW\maps\images\SHRSP_X_BN\GENETIC_SHRSP_X_BN_20.gif <-- dorado /rgd_home/2.0/WWW/maps/images/SHRSP_X_BN GENETIC_SHRSP_X_BN_20.gif
101.05.11 09:52 A D:\RGD\2.0\dorado\WWW\maps\images\SHRSP_X_BN\GENETIC_SHRSP_X_BN_20.html <-- dorado /rgd_home/2.0/WWW/maps/images/SHRSP_X_BN GENETIC_SHRSP_X_BN_20.html
101.05.11 09:52 B D:\RGD\2.0\dorado\WWW\maps\images\SHRSP_X_BN\GENETIC_SHRSP_X_BN_20.pdf <-- dorado /rgd_home/2.0/WWW/maps/images/SHRSP_X_BN GENETIC_SHRSP_X_BN_20.pdf
101.05.11 09:52 A D:\RGD\2.0\dorado\WWW\maps\images\SHRSP_X_BN\GENETIC_SHRSP_X_BN_21.html <-- dorado /rgd_home/2.0/WWW/maps/images/SHRSP_X_BN GENETIC_SHRSP_X_BN_21.html
101.05.11 09:52 A D:\RGD\2.0\dorado\WWW\maps\images\SHRSP_X_BN\map_mark_id_bn.pl <-- dorado /rgd_home/2.0/WWW/maps/images/SHRSP_X_BN map_mark_id_bn.pl
101.05.11 09:52 B D:\RGD\2.0\dorado\WWW\maps\images\SHRSP_X_BN\SHRSP_X_BN_01.gif <-- dorado /rgd_home/2.0/WWW/maps/images/SHRSP_X_BN SHRSP_X_BN_01.gif
101.05.11 09:52 A D:\RGD\2.0\dorado\WWW\maps\images\SHRSP_X_BN\SHRSP_X_BN_01.htm <-- dorado /rgd_home/2.0/WWW/maps/images/SHRSP_X_BN SHRSP_X_BN_01.htm
101.05.11 09:52 B D:\RGD\2.0\dorado\WWW\maps\images\SHRSP_X_BN\SHRSP_X_BN_01.pdf <-- dorado /rgd_home/2.0/WWW/maps/images/SHRSP_X_BN SHRSP_X_BN_01.pdf
101.05.11 09:52 B D:\RGD\2.0\dorado\WWW\maps\images\SHRSP_X_BN\SHRSP_X_BN_02.gif <-- dorado /rgd_home/2.0/WWW/maps/images/SHRSP_X_BN SHRSP_X_BN_02.gif
101.05.11 09:52 A D:\RGD\2.0\dorado\WWW\maps\images\SHRSP_X_BN\SHRSP_X_BN_02.htm <-- dorado /rgd_home/2.0/WWW/maps/images/SHRSP_X_BN SHRSP_X_BN_02.htm
101.05.11 09:52 B D:\RGD\2.0\dorado\WWW\maps\images\SHRSP_X_BN\SHRSP_X_BN_02.pdf <-- dorado /rgd_home/2.0/WWW/maps/images/SHRSP_X_BN SHRSP_X_BN_02.pdf
101.05.11 09:52 B D:\RGD\2.0\dorado\WWW\maps\images\SHRSP_X_BN\SHRSP_X_BN_03.gif <-- dorado /rgd_home/2.0/WWW/maps/images/SHRSP_X_BN SHRSP_X_BN_03.gif
101.05.11 09:52 A D:\RGD\2.0\dorado\WWW\maps\images\SHRSP_X_BN\SHRSP_X_BN_03.htm <-- dorado /rgd_home/2.0/WWW/maps/images/SHRSP_X_BN SHRSP_X_BN_03.htm
101.05.11 09:52 B D:\RGD\2.0\dorado\WWW\maps\images\SHRSP_X_BN\SHRSP_X_BN_03.pdf <-- dorado /rgd_home/2.0/WWW/maps/images/SHRSP_X_BN SHRSP_X_BN_03.pdf
101.05.11 09:52 B D:\RGD\2.0\dorado\WWW\maps\images\SHRSP_X_BN\SHRSP_X_BN_04.gif <-- dorado /rgd_home/2.0/WWW/maps/images/SHRSP_X_BN SHRSP_X_BN_04.gif
101.05.11 09:52 A D:\RGD\2.0\dorado\WWW\maps\images\SHRSP_X_BN\SHRSP_X_BN_04.htm <-- dorado /rgd_home/2.0/WWW/maps/images/SHRSP_X_BN SHRSP_X_BN_04.htm
101.05.11 09:52 B D:\RGD\2.0\dorado\WWW\maps\images\SHRSP_X_BN\SHRSP_X_BN_04.pdf <-- dorado /rgd_home/2.0/WWW/maps/images/SHRSP_X_BN SHRSP_X_BN_04.pdf
101.05.11 09:52 B D:\RGD\2.0\dorado\WWW\maps\images\SHRSP_X_BN\SHRSP_X_BN_05.gif <-- dorado /rgd_home/2.0/WWW/maps/images/SHRSP_X_BN SHRSP_X_BN_05.gif
101.05.11 09:52 A D:\RGD\2.0\dorado\WWW\maps\images\SHRSP_X_BN\SHRSP_X_BN_05.htm <-- dorado /rgd_home/2.0/WWW/maps/images/SHRSP_X_BN SHRSP_X_BN_05.htm
101.05.11 09:52 B D:\RGD\2.0\dorado\WWW\maps\images\SHRSP_X_BN\SHRSP_X_BN_05.pdf <-- dorado /rgd_home/2.0/WWW/maps/images/SHRSP_X_BN SHRSP_X_BN_05.pdf
101.05.11 09:52 B D:\RGD\2.0\dorado\WWW\maps\images\SHRSP_X_BN\SHRSP_X_BN_06.gif <-- dorado /rgd_home/2.0/WWW/maps/images/SHRSP_X_BN SHRSP_X_BN_06.gif
101.05.11 09:52 A D:\RGD\2.0\dorado\WWW\maps\images\SHRSP_X_BN\SHRSP_X_BN_06.htm <-- dorado /rgd_home/2.0/WWW/maps/images/SHRSP_X_BN SHRSP_X_BN_06.htm
101.05.11 09:52 B D:\RGD\2.0\dorado\WWW\maps\images\SHRSP_X_BN\SHRSP_X_BN_06.pdf <-- dorado /rgd_home/2.0/WWW/maps/images/SHRSP_X_BN SHRSP_X_BN_06.pdf
101.05.11 09:52 B D:\RGD\2.0\dorado\WWW\maps\images\SHRSP_X_BN\SHRSP_X_BN_07.gif <-- dorado /rgd_home/2.0/WWW/maps/images/SHRSP_X_BN SHRSP_X_BN_07.gif
101.05.11 09:52 A D:\RGD\2.0\dorado\WWW\maps\images\SHRSP_X_BN\SHRSP_X_BN_07.htm <-- dorado /rgd_home/2.0/WWW/maps/images/SHRSP_X_BN SHRSP_X_BN_07.htm
101.05.11 09:52 B D:\RGD\2.0\dorado\WWW\maps\images\SHRSP_X_BN\SHRSP_X_BN_07.pdf <-- dorado /rgd_home/2.0/WWW/maps/images/SHRSP_X_BN SHRSP_X_BN_07.pdf
101.05.11 09:52 B D:\RGD\2.0\dorado\WWW\maps\images\SHRSP_X_BN\SHRSP_X_BN_08.gif <-- dorado /rgd_home/2.0/WWW/maps/images/SHRSP_X_BN SHRSP_X_BN_08.gif
101.05.11 09:52 A D:\RGD\2.0\dorado\WWW\maps\images\SHRSP_X_BN\SHRSP_X_BN_08.htm <-- dorado /rgd_home/2.0/WWW/maps/images/SHRSP_X_BN SHRSP_X_BN_08.htm
101.05.11 09:52 B D:\RGD\2.0\dorado\WWW\maps\images\SHRSP_X_BN\SHRSP_X_BN_08.pdf <-- dorado /rgd_home/2.0/WWW/maps/images/SHRSP_X_BN SHRSP_X_BN_08.pdf
101.05.11 09:52 B D:\RGD\2.0\dorado\WWW\maps\images\SHRSP_X_BN\SHRSP_X_BN_09.gif <-- dorado /rgd_home/2.0/WWW/maps/images/SHRSP_X_BN SHRSP_X_BN_09.gif
101.05.11 09:52 A D:\RGD\2.0\dorado\WWW\maps\images\SHRSP_X_BN\SHRSP_X_BN_09.htm <-- dorado /rgd_home/2.0/WWW/maps/images/SHRSP_X_BN SHRSP_X_BN_09.htm
101.05.11 09:52 B D:\RGD\2.0\dorado\WWW\maps\images\SHRSP_X_BN\SHRSP_X_BN_09.pdf <-- dorado /rgd_home/2.0/WWW/maps/images/SHRSP_X_BN SHRSP_X_BN_09.pdf
101.05.11 09:52 B D:\RGD\2.0\dorado\WWW\maps\images\SHRSP_X_BN\SHRSP_X_BN_10.gif <-- dorado /rgd_home/2.0/WWW/maps/images/SHRSP_X_BN SHRSP_X_BN_10.gif
101.05.11 09:52 A D:\RGD\2.0\dorado\WWW\maps\images\SHRSP_X_BN\SHRSP_X_BN_10.htm <-- dorado /rgd_home/2.0/WWW/maps/images/SHRSP_X_BN SHRSP_X_BN_10.htm
101.05.11 09:52 B D:\RGD\2.0\dorado\WWW\maps\images\SHRSP_X_BN\SHRSP_X_BN_10.pdf <-- dorado /rgd_home/2.0/WWW/maps/images/SHRSP_X_BN SHRSP_X_BN_10.pdf
101.05.11 09:52 B D:\RGD\2.0\dorado\WWW\maps\images\SHRSP_X_BN\SHRSP_X_BN_11.gif <-- dorado /rgd_home/2.0/WWW/maps/images/SHRSP_X_BN SHRSP_X_BN_11.gif
101.05.11 09:52 A D:\RGD\2.0\dorado\WWW\maps\images\SHRSP_X_BN\SHRSP_X_BN_11.htm <-- dorado /rgd_home/2.0/WWW/maps/images/SHRSP_X_BN SHRSP_X_BN_11.htm
101.05.11 09:52 B D:\RGD\2.0\dorado\WWW\maps\images\SHRSP_X_BN\SHRSP_X_BN_11.pdf <-- dorado /rgd_home/2.0/WWW/maps/images/SHRSP_X_BN SHRSP_X_BN_11.pdf
101.05.11 09:52 B D:\RGD\2.0\dorado\WWW\maps\images\SHRSP_X_BN\SHRSP_X_BN_12.gif <-- dorado /rgd_home/2.0/WWW/maps/images/SHRSP_X_BN SHRSP_X_BN_12.gif
101.05.11 09:52 A D:\RGD\2.0\dorado\WWW\maps\images\SHRSP_X_BN\SHRSP_X_BN_12.htm <-- dorado /rgd_home/2.0/WWW/maps/images/SHRSP_X_BN SHRSP_X_BN_12.htm
101.05.11 09:52 B D:\RGD\2.0\dorado\WWW\maps\images\SHRSP_X_BN\SHRSP_X_BN_12.pdf <-- dorado /rgd_home/2.0/WWW/maps/images/SHRSP_X_BN SHRSP_X_BN_12.pdf
101.05.11 09:52 B D:\RGD\2.0\dorado\WWW\maps\images\SHRSP_X_BN\SHRSP_X_BN_13.gif <-- dorado /rgd_home/2.0/WWW/maps/images/SHRSP_X_BN SHRSP_X_BN_13.gif
101.05.11 09:52 A D:\RGD\2.0\dorado\WWW\maps\images\SHRSP_X_BN\SHRSP_X_BN_13.htm <-- dorado /rgd_home/2.0/WWW/maps/images/SHRSP_X_BN SHRSP_X_BN_13.htm
101.05.11 09:52 B D:\RGD\2.0\dorado\WWW\maps\images\SHRSP_X_BN\SHRSP_X_BN_13.pdf <-- dorado /rgd_home/2.0/WWW/maps/images/SHRSP_X_BN SHRSP_X_BN_13.pdf
101.05.11 09:52 B D:\RGD\2.0\dorado\WWW\maps\images\SHRSP_X_BN\SHRSP_X_BN_14.gif <-- dorado /rgd_home/2.0/WWW/maps/images/SHRSP_X_BN SHRSP_X_BN_14.gif
101.05.11 09:52 A D:\RGD\2.0\dorado\WWW\maps\images\SHRSP_X_BN\SHRSP_X_BN_14.htm <-- dorado /rgd_home/2.0/WWW/maps/images/SHRSP_X_BN SHRSP_X_BN_14.htm
101.05.11 09:52 B D:\RGD\2.0\dorado\WWW\maps\images\SHRSP_X_BN\SHRSP_X_BN_14.pdf <-- dorado /rgd_home/2.0/WWW/maps/images/SHRSP_X_BN SHRSP_X_BN_14.pdf
101.05.11 09:52 B D:\RGD\2.0\dorado\WWW\maps\images\SHRSP_X_BN\SHRSP_X_BN_15.gif <-- dorado /rgd_home/2.0/WWW/maps/images/SHRSP_X_BN SHRSP_X_BN_15.gif
101.05.11 09:52 A D:\RGD\2.0\dorado\WWW\maps\images\SHRSP_X_BN\SHRSP_X_BN_15.htm <-- dorado /rgd_home/2.0/WWW/maps/images/SHRSP_X_BN SHRSP_X_BN_15.htm
101.05.11 09:52 B D:\RGD\2.0\dorado\WWW\maps\images\SHRSP_X_BN\SHRSP_X_BN_15.pdf <-- dorado /rgd_home/2.0/WWW/maps/images/SHRSP_X_BN SHRSP_X_BN_15.pdf
101.05.11 09:52 B D:\RGD\2.0\dorado\WWW\maps\images\SHRSP_X_BN\SHRSP_X_BN_16.gif <-- dorado /rgd_home/2.0/WWW/maps/images/SHRSP_X_BN SHRSP_X_BN_16.gif
101.05.11 09:52 A D:\RGD\2.0\dorado\WWW\maps\images\SHRSP_X_BN\SHRSP_X_BN_16.htm <-- dorado /rgd_home/2.0/WWW/maps/images/SHRSP_X_BN SHRSP_X_BN_16.htm
101.05.11 09:52 B D:\RGD\2.0\dorado\WWW\maps\images\SHRSP_X_BN\SHRSP_X_BN_16.pdf <-- dorado /rgd_home/2.0/WWW/maps/images/SHRSP_X_BN SHRSP_X_BN_16.pdf
101.05.11 09:52 B D:\RGD\2.0\dorado\WWW\maps\images\SHRSP_X_BN\SHRSP_X_BN_17.gif <-- dorado /rgd_home/2.0/WWW/maps/images/SHRSP_X_BN SHRSP_X_BN_17.gif
101.05.11 09:52 A D:\RGD\2.0\dorado\WWW\maps\images\SHRSP_X_BN\SHRSP_X_BN_17.htm <-- dorado /rgd_home/2.0/WWW/maps/images/SHRSP_X_BN SHRSP_X_BN_17.htm
101.05.11 09:52 B D:\RGD\2.0\dorado\WWW\maps\images\SHRSP_X_BN\SHRSP_X_BN_17.pdf <-- dorado /rgd_home/2.0/WWW/maps/images/SHRSP_X_BN SHRSP_X_BN_17.pdf
101.05.11 09:52 B D:\RGD\2.0\dorado\WWW\maps\images\SHRSP_X_BN\SHRSP_X_BN_18.gif <-- dorado /rgd_home/2.0/WWW/maps/images/SHRSP_X_BN SHRSP_X_BN_18.gif
101.05.11 09:52 A D:\RGD\2.0\dorado\WWW\maps\images\SHRSP_X_BN\SHRSP_X_BN_18.htm <-- dorado /rgd_home/2.0/WWW/maps/images/SHRSP_X_BN SHRSP_X_BN_18.htm
101.05.11 09:52 B D:\RGD\2.0\dorado\WWW\maps\images\SHRSP_X_BN\SHRSP_X_BN_18.pdf <-- dorado /rgd_home/2.0/WWW/maps/images/SHRSP_X_BN SHRSP_X_BN_18.pdf
101.05.11 09:52 B D:\RGD\2.0\dorado\WWW\maps\images\SHRSP_X_BN\SHRSP_X_BN_19.gif <-- dorado /rgd_home/2.0/WWW/maps/images/SHRSP_X_BN SHRSP_X_BN_19.gif
101.05.11 09:52 A D:\RGD\2.0\dorado\WWW\maps\images\SHRSP_X_BN\SHRSP_X_BN_19.htm <-- dorado /rgd_home/2.0/WWW/maps/images/SHRSP_X_BN SHRSP_X_BN_19.htm
101.05.11 09:52 B D:\RGD\2.0\dorado\WWW\maps\images\SHRSP_X_BN\SHRSP_X_BN_19.pdf <-- dorado /rgd_home/2.0/WWW/maps/images/SHRSP_X_BN SHRSP_X_BN_19.pdf
101.05.11 09:52 B D:\RGD\2.0\dorado\WWW\maps\images\SHRSP_X_BN\SHRSP_X_BN_20.gif <-- dorado /rgd_home/2.0/WWW/maps/images/SHRSP_X_BN SHRSP_X_BN_20.gif
101.05.11 09:52 A D:\RGD\2.0\dorado\WWW\maps\images\SHRSP_X_BN\SHRSP_X_BN_20.htm <-- dorado /rgd_home/2.0/WWW/maps/images/SHRSP_X_BN SHRSP_X_BN_20.htm
101.05.11 09:52 B D:\RGD\2.0\dorado\WWW\maps\images\SHRSP_X_BN\SHRSP_X_BN_20.pdf <-- dorado /rgd_home/2.0/WWW/maps/images/SHRSP_X_BN SHRSP_X_BN_20.pdf
101.05.11 09:52 B D:\RGD\2.0\dorado\WWW\maps\images\SHRSP_X_BN\SHRSP_X_BN_21.gif <-- dorado /rgd_home/2.0/WWW/maps/images/SHRSP_X_BN SHRSP_X_BN_21.gif
101.05.11 09:52 A D:\RGD\2.0\dorado\WWW\maps\images\SHRSP_X_BN\SHRSP_X_BN_21.htm <-- dorado /rgd_home/2.0/WWW/maps/images/SHRSP_X_BN SHRSP_X_BN_21.htm
101.05.11 09:52 B D:\RGD\2.0\dorado\WWW\maps\images\SHRSP_X_BN\SHRSP_X_BN_21.pdf <-- dorado /rgd_home/2.0/WWW/maps/images/SHRSP_X_BN SHRSP_X_BN_21.pdf
101.05.11 09:52 B D:\RGD\2.0\dorado\WWW\maps\images\SHRSP_X_BN\test <-- dorado /rgd_home/2.0/WWW/maps/images/SHRSP_X_BN test
101.06.04 10:37 B D:\RGD\2.0\dorado\WWW\maps\images\SHRSP_X_BN\#GENETIC_SHRSP_X_BN_01.html# --> alps.ifrc.mcw.edu /rgd_home/2.0/WWW/maps/images/SHRSP_X_BN #GENETIC_SHRSP_X_BN_01.html#
101.06.04 10:37 B D:\RGD\2.0\dorado\WWW\maps\images\SHRSP_X_BN\GENETIC_SHRSP_X_BN_01.gif --> alps.ifrc.mcw.edu /rgd_home/2.0/WWW/maps/images/SHRSP_X_BN GENETIC_SHRSP_X_BN_01.gif
101.06.04 10:37 A D:\RGD\2.0\dorado\WWW\maps\images\SHRSP_X_BN\GENETIC_SHRSP_X_BN_01.htm --> alps.ifrc.mcw.edu /rgd_home/2.0/WWW/maps/images/SHRSP_X_BN GENETIC_SHRSP_X_BN_01.htm
101.06.04 10:37 A D:\RGD\2.0\dorado\WWW\maps\images\SHRSP_X_BN\GENETIC_SHRSP_X_BN_01.html --> alps.ifrc.mcw.edu /rgd_home/2.0/WWW/maps/images/SHRSP_X_BN GENETIC_SHRSP_X_BN_01.html
101.06.04 10:37 B D:\RGD\2.0\dorado\WWW\maps\images\SHRSP_X_BN\GENETIC_SHRSP_X_BN_01.pdf --> alps.ifrc.mcw.edu /rgd_home/2.0/WWW/maps/images/SHRSP_X_BN GENETIC_SHRSP_X_BN_01.pdf
101.06.04 10:37 A D:\RGD\2.0\dorado\WWW\maps\images\SHRSP_X_BN\GENETIC_SHRSP_X_BN_01_old.htm --> alps.ifrc.mcw.edu /rgd_home/2.0/WWW/maps/images/SHRSP_X_BN GENETIC_SHRSP_X_BN_01_old.htm
101.06.04 10:37 B D:\RGD\2.0\dorado\WWW\maps\images\SHRSP_X_BN\GENETIC_SHRSP_X_BN_02.gif --> alps.ifrc.mcw.edu /rgd_home/2.0/WWW/maps/images/SHRSP_X_BN GENETIC_SHRSP_X_BN_02.gif
101.06.04 10:37 A D:\RGD\2.0\dorado\WWW\maps\images\SHRSP_X_BN\GENETIC_SHRSP_X_BN_02.htm --> alps.ifrc.mcw.edu /rgd_home/2.0/WWW/maps/images/SHRSP_X_BN GENETIC_SHRSP_X_BN_02.htm
101.06.04 10:37 A D:\RGD\2.0\dorado\WWW\maps\images\SHRSP_X_BN\GENETIC_SHRSP_X_BN_02.html --> alps.ifrc.mcw.edu /rgd_home/2.0/WWW/maps/images/SHRSP_X_BN GENETIC_SHRSP_X_BN_02.html
101.06.04 10:37 B D:\RGD\2.0\dorado\WWW\maps\images\SHRSP_X_BN\GENETIC_SHRSP_X_BN_02.pdf --> alps.ifrc.mcw.edu /rgd_home/2.0/WWW/maps/images/SHRSP_X_BN GENETIC_SHRSP_X_BN_02.pdf
101.06.04 10:37 B D:\RGD\2.0\dorado\WWW\maps\images\SHRSP_X_BN\GENETIC_SHRSP_X_BN_03.gif --> alps.ifrc.mcw.edu /rgd_home/2.0/WWW/maps/images/SHRSP_X_BN GENETIC_SHRSP_X_BN_03.gif
101.06.04 10:37 A D:\RGD\2.0\dorado\WWW\maps\images\SHRSP_X_BN\GENETIC_SHRSP_X_BN_03.html --> alps.ifrc.mcw.edu /rgd_home/2.0/WWW/maps/images/SHRSP_X_BN GENETIC_SHRSP_X_BN_03.html
101.06.04 10:37 B D:\RGD\2.0\dorado\WWW\maps\images\SHRSP_X_BN\GENETIC_SHRSP_X_BN_03.pdf --> alps.ifrc.mcw.edu /rgd_home/2.0/WWW/maps/images/SHRSP_X_BN GENETIC_SHRSP_X_BN_03.pdf
101.06.04 10:37 B D:\RGD\2.0\dorado\WWW\maps\images\SHRSP_X_BN\GENETIC_SHRSP_X_BN_04.gif --> alps.ifrc.mcw.edu /rgd_home/2.0/WWW/maps/images/SHRSP_X_BN GENETIC_SHRSP_X_BN_04.gif
101.06.04 10:37 A D:\RGD\2.0\dorado\WWW\maps\images\SHRSP_X_BN\GENETIC_SHRSP_X_BN_04.html --> alps.ifrc.mcw.edu /rgd_home/2.0/WWW/maps/images/SHRSP_X_BN GENETIC_SHRSP_X_BN_04.html
101.06.04 10:37 B D:\RGD\2.0\dorado\WWW\maps\images\SHRSP_X_BN\GENETIC_SHRSP_X_BN_04.pdf --> alps.ifrc.mcw.edu /rgd_home/2.0/WWW/maps/images/SHRSP_X_BN GENETIC_SHRSP_X_BN_04.pdf
101.06.04 10:37 B D:\RGD\2.0\dorado\WWW\maps\images\SHRSP_X_BN\GENETIC_SHRSP_X_BN_05.gif --> alps.ifrc.mcw.edu /rgd_home/2.0/WWW/maps/images/SHRSP_X_BN GENETIC_SHRSP_X_BN_05.gif
101.06.04 10:37 A D:\RGD\2.0\dorado\WWW\maps\images\SHRSP_X_BN\GENETIC_SHRSP_X_BN_05.html --> alps.ifrc.mcw.edu /rgd_home/2.0/WWW/maps/images/SHRSP_X_BN GENETIC_SHRSP_X_BN_05.html
101.06.04 10:37 B D:\RGD\2.0\dorado\WWW\maps\images\SHRSP_X_BN\GENETIC_SHRSP_X_BN_05.pdf --> alps.ifrc.mcw.edu /rgd_home/2.0/WWW/maps/images/SHRSP_X_BN GENETIC_SHRSP_X_BN_05.pdf
101.06.04 10:37 B D:\RGD\2.0\dorado\WWW\maps\images\SHRSP_X_BN\GENETIC_SHRSP_X_BN_06.gif --> alps.ifrc.mcw.edu /rgd_home/2.0/WWW/maps/images/SHRSP_X_BN GENETIC_SHRSP_X_BN_06.gif
101.06.04 10:37 A D:\RGD\2.0\dorado\WWW\maps\images\SHRSP_X_BN\GENETIC_SHRSP_X_BN_06.html --> alps.ifrc.mcw.edu /rgd_home/2.0/WWW/maps/images/SHRSP_X_BN GENETIC_SHRSP_X_BN_06.html
101.06.04 10:37 B D:\RGD\2.0\dorado\WWW\maps\images\SHRSP_X_BN\GENETIC_SHRSP_X_BN_06.pdf --> alps.ifrc.mcw.edu /rgd_home/2.0/WWW/maps/images/SHRSP_X_BN GENETIC_SHRSP_X_BN_06.pdf
101.06.04 10:37 B D:\RGD\2.0\dorado\WWW\maps\images\SHRSP_X_BN\GENETIC_SHRSP_X_BN_07.gif --> alps.ifrc.mcw.edu /rgd_home/2.0/WWW/maps/images/SHRSP_X_BN GENETIC_SHRSP_X_BN_07.gif
101.06.04 10:37 A D:\RGD\2.0\dorado\WWW\maps\images\SHRSP_X_BN\GENETIC_SHRSP_X_BN_07.html --> alps.ifrc.mcw.edu /rgd_home/2.0/WWW/maps/images/SHRSP_X_BN GENETIC_SHRSP_X_BN_07.html
101.06.04 10:37 B D:\RGD\2.0\dorado\WWW\maps\images\SHRSP_X_BN\GENETIC_SHRSP_X_BN_07.pdf --> alps.ifrc.mcw.edu /rgd_home/2.0/WWW/maps/images/SHRSP_X_BN GENETIC_SHRSP_X_BN_07.pdf
101.06.04 10:37 B D:\RGD\2.0\dorado\WWW\maps\images\SHRSP_X_BN\GENETIC_SHRSP_X_BN_08.gif --> alps.ifrc.mcw.edu /rgd_home/2.0/WWW/maps/images/SHRSP_X_BN GENETIC_SHRSP_X_BN_08.gif
101.06.04 10:37 A D:\RGD\2.0\dorado\WWW\maps\images\SHRSP_X_BN\GENETIC_SHRSP_X_BN_08.html --> alps.ifrc.mcw.edu /rgd_home/2.0/WWW/maps/images/SHRSP_X_BN GENETIC_SHRSP_X_BN_08.html
101.06.04 10:37 B D:\RGD\2.0\dorado\WWW\maps\images\SHRSP_X_BN\GENETIC_SHRSP_X_BN_08.pdf --> alps.ifrc.mcw.edu /rgd_home/2.0/WWW/maps/images/SHRSP_X_BN GENETIC_SHRSP_X_BN_08.pdf
101.06.04 10:37 B D:\RGD\2.0\dorado\WWW\maps\images\SHRSP_X_BN\GENETIC_SHRSP_X_BN_09.gif --> alps.ifrc.mcw.edu /rgd_home/2.0/WWW/maps/images/SHRSP_X_BN GENETIC_SHRSP_X_BN_09.gif
101.06.04 10:37 A D:\RGD\2.0\dorado\WWW\maps\images\SHRSP_X_BN\GENETIC_SHRSP_X_BN_09.html --> alps.ifrc.mcw.edu /rgd_home/2.0/WWW/maps/images/SHRSP_X_BN GENETIC_SHRSP_X_BN_09.html
101.06.04 10:37 B D:\RGD\2.0\dorado\WWW\maps\images\SHRSP_X_BN\GENETIC_SHRSP_X_BN_09.pdf --> alps.ifrc.mcw.edu /rgd_home/2.0/WWW/maps/images/SHRSP_X_BN GENETIC_SHRSP_X_BN_09.pdf
101.06.04 10:37 B D:\RGD\2.0\dorado\WWW\maps\images\SHRSP_X_BN\GENETIC_SHRSP_X_BN_10.gif --> alps.ifrc.mcw.edu /rgd_home/2.0/WWW/maps/images/SHRSP_X_BN GENETIC_SHRSP_X_BN_10.gif
101.06.04 10:37 A D:\RGD\2.0\dorado\WWW\maps\images\SHRSP_X_BN\GENETIC_SHRSP_X_BN_10.html --> alps.ifrc.mcw.edu /rgd_home/2.0/WWW/maps/images/SHRSP_X_BN GENETIC_SHRSP_X_BN_10.html
101.06.04 10:37 B D:\RGD\2.0\dorado\WWW\maps\images\SHRSP_X_BN\GENETIC_SHRSP_X_BN_10.pdf --> alps.ifrc.mcw.edu /rgd_home/2.0/WWW/maps/images/SHRSP_X_BN GENETIC_SHRSP_X_BN_10.pdf
101.06.04 10:37 B D:\RGD\2.0\dorado\WWW\maps\images\SHRSP_X_BN\GENETIC_SHRSP_X_BN_11.gif --> alps.ifrc.mcw.edu /rgd_home/2.0/WWW/maps/images/SHRSP_X_BN GENETIC_SHRSP_X_BN_11.gif
101.06.04 10:37 A D:\RGD\2.0\dorado\WWW\maps\images\SHRSP_X_BN\GENETIC_SHRSP_X_BN_11.html --> alps.ifrc.mcw.edu /rgd_home/2.0/WWW/maps/images/SHRSP_X_BN GENETIC_SHRSP_X_BN_11.html
101.06.04 10:37 B D:\RGD\2.0\dorado\WWW\maps\images\SHRSP_X_BN\GENETIC_SHRSP_X_BN_11.pdf --> alps.ifrc.mcw.edu /rgd_home/2.0/WWW/maps/images/SHRSP_X_BN GENETIC_SHRSP_X_BN_11.pdf
101.06.04 10:37 B D:\RGD\2.0\dorado\WWW\maps\images\SHRSP_X_BN\GENETIC_SHRSP_X_BN_12.gif --> alps.ifrc.mcw.edu /rgd_home/2.0/WWW/maps/images/SHRSP_X_BN GENETIC_SHRSP_X_BN_12.gif
101.06.04 10:37 A D:\RGD\2.0\dorado\WWW\maps\images\SHRSP_X_BN\GENETIC_SHRSP_X_BN_12.html --> alps.ifrc.mcw.edu /rgd_home/2.0/WWW/maps/images/SHRSP_X_BN GENETIC_SHRSP_X_BN_12.html
101.06.04 10:37 B D:\RGD\2.0\dorado\WWW\maps\images\SHRSP_X_BN\GENETIC_SHRSP_X_BN_12.pdf --> alps.ifrc.mcw.edu /rgd_home/2.0/WWW/maps/images/SHRSP_X_BN GENETIC_SHRSP_X_BN_12.pdf
101.06.04 10:37 B D:\RGD\2.0\dorado\WWW\maps\images\SHRSP_X_BN\GENETIC_SHRSP_X_BN_13.gif --> alps.ifrc.mcw.edu /rgd_home/2.0/WWW/maps/images/SHRSP_X_BN GENETIC_SHRSP_X_BN_13.gif
101.06.04 10:37 A D:\RGD\2.0\dorado\WWW\maps\images\SHRSP_X_BN\GENETIC_SHRSP_X_BN_13.html --> alps.ifrc.mcw.edu /rgd_home/2.0/WWW/maps/images/SHRSP_X_BN GENETIC_SHRSP_X_BN_13.html
101.06.04 10:37 B D:\RGD\2.0\dorado\WWW\maps\images\SHRSP_X_BN\GENETIC_SHRSP_X_BN_13.pdf --> alps.ifrc.mcw.edu /rgd_home/2.0/WWW/maps/images/SHRSP_X_BN GENETIC_SHRSP_X_BN_13.pdf
101.06.04 10:37 B D:\RGD\2.0\dorado\WWW\maps\images\SHRSP_X_BN\GENETIC_SHRSP_X_BN_14.gif --> alps.ifrc.mcw.edu /rgd_home/2.0/WWW/maps/images/SHRSP_X_BN GENETIC_SHRSP_X_BN_14.gif
101.06.04 10:37 A D:\RGD\2.0\dorado\WWW\maps\images\SHRSP_X_BN\GENETIC_SHRSP_X_BN_14.html --> alps.ifrc.mcw.edu /rgd_home/2.0/WWW/maps/images/SHRSP_X_BN GENETIC_SHRSP_X_BN_14.html
101.06.04 10:37 B D:\RGD\2.0\dorado\WWW\maps\images\SHRSP_X_BN\GENETIC_SHRSP_X_BN_14.pdf --> alps.ifrc.mcw.edu /rgd_home/2.0/WWW/maps/images/SHRSP_X_BN GENETIC_SHRSP_X_BN_14.pdf
101.06.04 10:37 B D:\RGD\2.0\dorado\WWW\maps\images\SHRSP_X_BN\GENETIC_SHRSP_X_BN_15.gif --> alps.ifrc.mcw.edu /rgd_home/2.0/WWW/maps/images/SHRSP_X_BN GENETIC_SHRSP_X_BN_15.gif
101.06.04 10:37 A D:\RGD\2.0\dorado\WWW\maps\images\SHRSP_X_BN\GENETIC_SHRSP_X_BN_15.html --> alps.ifrc.mcw.edu /rgd_home/2.0/WWW/maps/images/SHRSP_X_BN GENETIC_SHRSP_X_BN_15.html
101.06.04 10:37 B D:\RGD\2.0\dorado\WWW\maps\images\SHRSP_X_BN\GENETIC_SHRSP_X_BN_15.pdf --> alps.ifrc.mcw.edu /rgd_home/2.0/WWW/maps/images/SHRSP_X_BN GENETIC_SHRSP_X_BN_15.pdf
101.06.04 10:37 B D:\RGD\2.0\dorado\WWW\maps\images\SHRSP_X_BN\GENETIC_SHRSP_X_BN_16.gif --> alps.ifrc.mcw.edu /rgd_home/2.0/WWW/maps/images/SHRSP_X_BN GENETIC_SHRSP_X_BN_16.gif
101.06.04 10:37 A D:\RGD\2.0\dorado\WWW\maps\images\SHRSP_X_BN\GENETIC_SHRSP_X_BN_16.html --> alps.ifrc.mcw.edu /rgd_home/2.0/WWW/maps/images/SHRSP_X_BN GENETIC_SHRSP_X_BN_16.html
101.06.04 10:37 B D:\RGD\2.0\dorado\WWW\maps\images\SHRSP_X_BN\GENETIC_SHRSP_X_BN_16.pdf --> alps.ifrc.mcw.edu /rgd_home/2.0/WWW/maps/images/SHRSP_X_BN GENETIC_SHRSP_X_BN_16.pdf
101.06.04 10:37 B D:\RGD\2.0\dorado\WWW\maps\images\SHRSP_X_BN\GENETIC_SHRSP_X_BN_17.gif --> alps.ifrc.mcw.edu /rgd_home/2.0/WWW/maps/images/SHRSP_X_BN GENETIC_SHRSP_X_BN_17.gif
101.06.04 10:37 A D:\RGD\2.0\dorado\WWW\maps\images\SHRSP_X_BN\GENETIC_SHRSP_X_BN_17.html --> alps.ifrc.mcw.edu /rgd_home/2.0/WWW/maps/images/SHRSP_X_BN GENETIC_SHRSP_X_BN_17.html
101.06.04 10:37 B D:\RGD\2.0\dorado\WWW\maps\images\SHRSP_X_BN\GENETIC_SHRSP_X_BN_17.pdf --> alps.ifrc.mcw.edu /rgd_home/2.0/WWW/maps/images/SHRSP_X_BN GENETIC_SHRSP_X_BN_17.pdf
101.06.04 10:37 B D:\RGD\2.0\dorado\WWW\maps\images\SHRSP_X_BN\GENETIC_SHRSP_X_BN_18.gif --> alps.ifrc.mcw.edu /rgd_home/2.0/WWW/maps/images/SHRSP_X_BN GENETIC_SHRSP_X_BN_18.gif
101.06.04 10:37 A D:\RGD\2.0\dorado\WWW\maps\images\SHRSP_X_BN\GENETIC_SHRSP_X_BN_18.html --> alps.ifrc.mcw.edu /rgd_home/2.0/WWW/maps/images/SHRSP_X_BN GENETIC_SHRSP_X_BN_18.html
101.06.04 10:37 B D:\RGD\2.0\dorado\WWW\maps\images\SHRSP_X_BN\GENETIC_SHRSP_X_BN_18.pdf --> alps.ifrc.mcw.edu /rgd_home/2.0/WWW/maps/images/SHRSP_X_BN GENETIC_SHRSP_X_BN_18.pdf
101.06.04 10:37 B D:\RGD\2.0\dorado\WWW\maps\images\SHRSP_X_BN\GENETIC_SHRSP_X_BN_19.gif --> alps.ifrc.mcw.edu /rgd_home/2.0/WWW/maps/images/SHRSP_X_BN GENETIC_SHRSP_X_BN_19.gif
101.06.04 10:37 A D:\RGD\2.0\dorado\WWW\maps\images\SHRSP_X_BN\GENETIC_SHRSP_X_BN_19.html --> alps.ifrc.mcw.edu /rgd_home/2.0/WWW/maps/images/SHRSP_X_BN GENETIC_SHRSP_X_BN_19.html
101.06.04 10:37 B D:\RGD\2.0\dorado\WWW\maps\images\SHRSP_X_BN\GENETIC_SHRSP_X_BN_19.pdf --> alps.ifrc.mcw.edu /rgd_home/2.0/WWW/maps/images/SHRSP_X_BN GENETIC_SHRSP_X_BN_19.pdf
101.06.04 10:37 B D:\RGD\2.0\dorado\WWW\maps\images\SHRSP_X_BN\GENETIC_SHRSP_X_BN_20.gif --> alps.ifrc.mcw.edu /rgd_home/2.0/WWW/maps/images/SHRSP_X_BN GENETIC_SHRSP_X_BN_20.gif
101.06.04 10:37 A D:\RGD\2.0\dorado\WWW\maps\images\SHRSP_X_BN\GENETIC_SHRSP_X_BN_20.html --> alps.ifrc.mcw.edu /rgd_home/2.0/WWW/maps/images/SHRSP_X_BN GENETIC_SHRSP_X_BN_20.html
101.06.04 10:37 B D:\RGD\2.0\dorado\WWW\maps\images\SHRSP_X_BN\GENETIC_SHRSP_X_BN_20.pdf --> alps.ifrc.mcw.edu /rgd_home/2.0/WWW/maps/images/SHRSP_X_BN GENETIC_SHRSP_X_BN_20.pdf
101.06.04 10:37 A D:\RGD\2.0\dorado\WWW\maps\images\SHRSP_X_BN\GENETIC_SHRSP_X_BN_21.html --> alps.ifrc.mcw.edu /rgd_home/2.0/WWW/maps/images/SHRSP_X_BN GENETIC_SHRSP_X_BN_21.html
101.06.04 10:37 A D:\RGD\2.0\dorado\WWW\maps\images\SHRSP_X_BN\map_mark_id_bn.pl --> alps.ifrc.mcw.edu /rgd_home/2.0/WWW/maps/images/SHRSP_X_BN map_mark_id_bn.pl
101.06.04 10:37 B D:\RGD\2.0\dorado\WWW\maps\images\SHRSP_X_BN\SHRSP_X_BN_01.gif --> alps.ifrc.mcw.edu /rgd_home/2.0/WWW/maps/images/SHRSP_X_BN SHRSP_X_BN_01.gif
101.06.04 10:37 A D:\RGD\2.0\dorado\WWW\maps\images\SHRSP_X_BN\SHRSP_X_BN_01.htm --> alps.ifrc.mcw.edu /rgd_home/2.0/WWW/maps/images/SHRSP_X_BN SHRSP_X_BN_01.htm
101.06.04 10:37 B D:\RGD\2.0\dorado\WWW\maps\images\SHRSP_X_BN\SHRSP_X_BN_01.pdf --> alps.ifrc.mcw.edu /rgd_home/2.0/WWW/maps/images/SHRSP_X_BN SHRSP_X_BN_01.pdf
101.06.04 10:37 B D:\RGD\2.0\dorado\WWW\maps\images\SHRSP_X_BN\SHRSP_X_BN_02.gif --> alps.ifrc.mcw.edu /rgd_home/2.0/WWW/maps/images/SHRSP_X_BN SHRSP_X_BN_02.gif
101.06.04 10:37 A D:\RGD\2.0\dorado\WWW\maps\images\SHRSP_X_BN\SHRSP_X_BN_02.htm --> alps.ifrc.mcw.edu /rgd_home/2.0/WWW/maps/images/SHRSP_X_BN SHRSP_X_BN_02.htm
101.06.04 10:37 B D:\RGD\2.0\dorado\WWW\maps\images\SHRSP_X_BN\SHRSP_X_BN_02.pdf --> alps.ifrc.mcw.edu /rgd_home/2.0/WWW/maps/images/SHRSP_X_BN SHRSP_X_BN_02.pdf
101.06.04 10:37 B D:\RGD\2.0\dorado\WWW\maps\images\SHRSP_X_BN\SHRSP_X_BN_03.gif --> alps.ifrc.mcw.edu /rgd_home/2.0/WWW/maps/images/SHRSP_X_BN SHRSP_X_BN_03.gif
101.06.04 10:37 A D:\RGD\2.0\dorado\WWW\maps\images\SHRSP_X_BN\SHRSP_X_BN_03.htm --> alps.ifrc.mcw.edu /rgd_home/2.0/WWW/maps/images/SHRSP_X_BN SHRSP_X_BN_03.htm
101.06.04 10:37 B D:\RGD\2.0\dorado\WWW\maps\images\SHRSP_X_BN\SHRSP_X_BN_03.pdf --> alps.ifrc.mcw.edu /rgd_home/2.0/WWW/maps/images/SHRSP_X_BN SHRSP_X_BN_03.pdf
101.06.04 10:37 B D:\RGD\2.0\dorado\WWW\maps\images\SHRSP_X_BN\SHRSP_X_BN_04.gif --> alps.ifrc.mcw.edu /rgd_home/2.0/WWW/maps/images/SHRSP_X_BN SHRSP_X_BN_04.gif
101.06.04 10:37 A D:\RGD\2.0\dorado\WWW\maps\images\SHRSP_X_BN\SHRSP_X_BN_04.htm --> alps.ifrc.mcw.edu /rgd_home/2.0/WWW/maps/images/SHRSP_X_BN SHRSP_X_BN_04.htm
101.06.04 10:37 B D:\RGD\2.0\dorado\WWW\maps\images\SHRSP_X_BN\SHRSP_X_BN_04.pdf --> alps.ifrc.mcw.edu /rgd_home/2.0/WWW/maps/images/SHRSP_X_BN SHRSP_X_BN_04.pdf
101.06.04 10:37 B D:\RGD\2.0\dorado\WWW\maps\images\SHRSP_X_BN\SHRSP_X_BN_05.gif --> alps.ifrc.mcw.edu /rgd_home/2.0/WWW/maps/images/SHRSP_X_BN SHRSP_X_BN_05.gif
101.06.04 10:37 A D:\RGD\2.0\dorado\WWW\maps\images\SHRSP_X_BN\SHRSP_X_BN_05.htm --> alps.ifrc.mcw.edu /rgd_home/2.0/WWW/maps/images/SHRSP_X_BN SHRSP_X_BN_05.htm
101.06.04 10:37 B D:\RGD\2.0\dorado\WWW\maps\images\SHRSP_X_BN\SHRSP_X_BN_05.pdf --> alps.ifrc.mcw.edu /rgd_home/2.0/WWW/maps/images/SHRSP_X_BN SHRSP_X_BN_05.pdf
101.06.04 10:37 B D:\RGD\2.0\dorado\WWW\maps\images\SHRSP_X_BN\SHRSP_X_BN_06.gif --> alps.ifrc.mcw.edu /rgd_home/2.0/WWW/maps/images/SHRSP_X_BN SHRSP_X_BN_06.gif
101.06.04 10:37 A D:\RGD\2.0\dorado\WWW\maps\images\SHRSP_X_BN\SHRSP_X_BN_06.htm --> alps.ifrc.mcw.edu /rgd_home/2.0/WWW/maps/images/SHRSP_X_BN SHRSP_X_BN_06.htm
101.06.04 10:37 B D:\RGD\2.0\dorado\WWW\maps\images\SHRSP_X_BN\SHRSP_X_BN_06.pdf --> alps.ifrc.mcw.edu /rgd_home/2.0/WWW/maps/images/SHRSP_X_BN SHRSP_X_BN_06.pdf
101.06.04 10:37 B D:\RGD\2.0\dorado\WWW\maps\images\SHRSP_X_BN\SHRSP_X_BN_07.gif --> alps.ifrc.mcw.edu /rgd_home/2.0/WWW/maps/images/SHRSP_X_BN SHRSP_X_BN_07.gif
101.06.04 10:37 A D:\RGD\2.0\dorado\WWW\maps\images\SHRSP_X_BN\SHRSP_X_BN_07.htm --> alps.ifrc.mcw.edu /rgd_home/2.0/WWW/maps/images/SHRSP_X_BN SHRSP_X_BN_07.htm
101.06.04 10:37 B D:\RGD\2.0\dorado\WWW\maps\images\SHRSP_X_BN\SHRSP_X_BN_07.pdf --> alps.ifrc.mcw.edu /rgd_home/2.0/WWW/maps/images/SHRSP_X_BN SHRSP_X_BN_07.pdf
101.06.04 10:37 B D:\RGD\2.0\dorado\WWW\maps\images\SHRSP_X_BN\SHRSP_X_BN_08.gif --> alps.ifrc.mcw.edu /rgd_home/2.0/WWW/maps/images/SHRSP_X_BN SHRSP_X_BN_08.gif
101.06.04 10:37 A D:\RGD\2.0\dorado\WWW\maps\images\SHRSP_X_BN\SHRSP_X_BN_08.htm --> alps.ifrc.mcw.edu /rgd_home/2.0/WWW/maps/images/SHRSP_X_BN SHRSP_X_BN_08.htm
101.06.04 10:37 B D:\RGD\2.0\dorado\WWW\maps\images\SHRSP_X_BN\SHRSP_X_BN_08.pdf --> alps.ifrc.mcw.edu /rgd_home/2.0/WWW/maps/images/SHRSP_X_BN SHRSP_X_BN_08.pdf
101.06.04 10:37 B D:\RGD\2.0\dorado\WWW\maps\images\SHRSP_X_BN\SHRSP_X_BN_09.gif --> alps.ifrc.mcw.edu /rgd_home/2.0/WWW/maps/images/SHRSP_X_BN SHRSP_X_BN_09.gif
101.06.04 10:37 A D:\RGD\2.0\dorado\WWW\maps\images\SHRSP_X_BN\SHRSP_X_BN_09.htm --> alps.ifrc.mcw.edu /rgd_home/2.0/WWW/maps/images/SHRSP_X_BN SHRSP_X_BN_09.htm
101.06.04 10:37 B D:\RGD\2.0\dorado\WWW\maps\images\SHRSP_X_BN\SHRSP_X_BN_09.pdf --> alps.ifrc.mcw.edu /rgd_home/2.0/WWW/maps/images/SHRSP_X_BN SHRSP_X_BN_09.pdf
101.06.04 10:37 B D:\RGD\2.0\dorado\WWW\maps\images\SHRSP_X_BN\SHRSP_X_BN_10.gif --> alps.ifrc.mcw.edu /rgd_home/2.0/WWW/maps/images/SHRSP_X_BN SHRSP_X_BN_10.gif
101.06.04 10:37 A D:\RGD\2.0\dorado\WWW\maps\images\SHRSP_X_BN\SHRSP_X_BN_10.htm --> alps.ifrc.mcw.edu /rgd_home/2.0/WWW/maps/images/SHRSP_X_BN SHRSP_X_BN_10.htm
101.06.04 10:37 B D:\RGD\2.0\dorado\WWW\maps\images\SHRSP_X_BN\SHRSP_X_BN_10.pdf --> alps.ifrc.mcw.edu /rgd_home/2.0/WWW/maps/images/SHRSP_X_BN SHRSP_X_BN_10.pdf
101.06.04 10:37 B D:\RGD\2.0\dorado\WWW\maps\images\SHRSP_X_BN\SHRSP_X_BN_11.gif --> alps.ifrc.mcw.edu /rgd_home/2.0/WWW/maps/images/SHRSP_X_BN SHRSP_X_BN_11.gif
101.06.04 10:37 A D:\RGD\2.0\dorado\WWW\maps\images\SHRSP_X_BN\SHRSP_X_BN_11.htm --> alps.ifrc.mcw.edu /rgd_home/2.0/WWW/maps/images/SHRSP_X_BN SHRSP_X_BN_11.htm
101.06.04 10:37 B D:\RGD\2.0\dorado\WWW\maps\images\SHRSP_X_BN\SHRSP_X_BN_11.pdf --> alps.ifrc.mcw.edu /rgd_home/2.0/WWW/maps/images/SHRSP_X_BN SHRSP_X_BN_11.pdf
101.06.04 10:37 B D:\RGD\2.0\dorado\WWW\maps\images\SHRSP_X_BN\SHRSP_X_BN_12.gif --> alps.ifrc.mcw.edu /rgd_home/2.0/WWW/maps/images/SHRSP_X_BN SHRSP_X_BN_12.gif
101.06.04 10:37 A D:\RGD\2.0\dorado\WWW\maps\images\SHRSP_X_BN\SHRSP_X_BN_12.htm --> alps.ifrc.mcw.edu /rgd_home/2.0/WWW/maps/images/SHRSP_X_BN SHRSP_X_BN_12.htm
101.06.04 10:37 B D:\RGD\2.0\dorado\WWW\maps\images\SHRSP_X_BN\SHRSP_X_BN_12.pdf --> alps.ifrc.mcw.edu /rgd_home/2.0/WWW/maps/images/SHRSP_X_BN SHRSP_X_BN_12.pdf
101.06.04 10:37 B D:\RGD\2.0\dorado\WWW\maps\images\SHRSP_X_BN\SHRSP_X_BN_13.gif --> alps.ifrc.mcw.edu /rgd_home/2.0/WWW/maps/images/SHRSP_X_BN SHRSP_X_BN_13.gif
101.06.04 10:37 A D:\RGD\2.0\dorado\WWW\maps\images\SHRSP_X_BN\SHRSP_X_BN_13.htm --> alps.ifrc.mcw.edu /rgd_home/2.0/WWW/maps/images/SHRSP_X_BN SHRSP_X_BN_13.htm
101.06.04 10:37 B D:\RGD\2.0\dorado\WWW\maps\images\SHRSP_X_BN\SHRSP_X_BN_13.pdf --> alps.ifrc.mcw.edu /rgd_home/2.0/WWW/maps/images/SHRSP_X_BN SHRSP_X_BN_13.pdf
101.06.04 10:37 B D:\RGD\2.0\dorado\WWW\maps\images\SHRSP_X_BN\SHRSP_X_BN_14.gif --> alps.ifrc.mcw.edu /rgd_home/2.0/WWW/maps/images/SHRSP_X_BN SHRSP_X_BN_14.gif
101.06.04 10:37 A D:\RGD\2.0\dorado\WWW\maps\images\SHRSP_X_BN\SHRSP_X_BN_14.htm --> alps.ifrc.mcw.edu /rgd_home/2.0/WWW/maps/images/SHRSP_X_BN SHRSP_X_BN_14.htm
101.06.04 10:37 B D:\RGD\2.0\dorado\WWW\maps\images\SHRSP_X_BN\SHRSP_X_BN_14.pdf --> alps.ifrc.mcw.edu /rgd_home/2.0/WWW/maps/images/SHRSP_X_BN SHRSP_X_BN_14.pdf
101.06.04 10:37 B D:\RGD\2.0\dorado\WWW\maps\images\SHRSP_X_BN\SHRSP_X_BN_15.gif --> alps.ifrc.mcw.edu /rgd_home/2.0/WWW/maps/images/SHRSP_X_BN SHRSP_X_BN_15.gif
101.06.04 10:37 A D:\RGD\2.0\dorado\WWW\maps\images\SHRSP_X_BN\SHRSP_X_BN_15.htm --> alps.ifrc.mcw.edu /rgd_home/2.0/WWW/maps/images/SHRSP_X_BN SHRSP_X_BN_15.htm
101.06.04 10:37 B D:\RGD\2.0\dorado\WWW\maps\images\SHRSP_X_BN\SHRSP_X_BN_15.pdf --> alps.ifrc.mcw.edu /rgd_home/2.0/WWW/maps/images/SHRSP_X_BN SHRSP_X_BN_15.pdf
101.06.04 10:37 B D:\RGD\2.0\dorado\WWW\maps\images\SHRSP_X_BN\SHRSP_X_BN_16.gif --> alps.ifrc.mcw.edu /rgd_home/2.0/WWW/maps/images/SHRSP_X_BN SHRSP_X_BN_16.gif
101.06.04 10:38 A D:\RGD\2.0\dorado\WWW\maps\images\SHRSP_X_BN\SHRSP_X_BN_16.htm --> alps.ifrc.mcw.edu /rgd_home/2.0/WWW/maps/images/SHRSP_X_BN SHRSP_X_BN_16.htm
101.06.04 10:38 B D:\RGD\2.0\dorado\WWW\maps\images\SHRSP_X_BN\SHRSP_X_BN_16.pdf --> alps.ifrc.mcw.edu /rgd_home/2.0/WWW/maps/images/SHRSP_X_BN SHRSP_X_BN_16.pdf
101.06.04 10:38 B D:\RGD\2.0\dorado\WWW\maps\images\SHRSP_X_BN\SHRSP_X_BN_17.gif --> alps.ifrc.mcw.edu /rgd_home/2.0/WWW/maps/images/SHRSP_X_BN SHRSP_X_BN_17.gif
101.06.04 10:38 A D:\RGD\2.0\dorado\WWW\maps\images\SHRSP_X_BN\SHRSP_X_BN_17.htm --> alps.ifrc.mcw.edu /rgd_home/2.0/WWW/maps/images/SHRSP_X_BN SHRSP_X_BN_17.htm
101.06.04 10:38 B D:\RGD\2.0\dorado\WWW\maps\images\SHRSP_X_BN\SHRSP_X_BN_17.pdf --> alps.ifrc.mcw.edu /rgd_home/2.0/WWW/maps/images/SHRSP_X_BN SHRSP_X_BN_17.pdf
101.06.04 10:38 B D:\RGD\2.0\dorado\WWW\maps\images\SHRSP_X_BN\SHRSP_X_BN_18.gif --> alps.ifrc.mcw.edu /rgd_home/2.0/WWW/maps/images/SHRSP_X_BN SHRSP_X_BN_18.gif
101.06.04 10:38 A D:\RGD\2.0\dorado\WWW\maps\images\SHRSP_X_BN\SHRSP_X_BN_18.htm --> alps.ifrc.mcw.edu /rgd_home/2.0/WWW/maps/images/SHRSP_X_BN SHRSP_X_BN_18.htm
101.06.04 10:38 B D:\RGD\2.0\dorado\WWW\maps\images\SHRSP_X_BN\SHRSP_X_BN_18.pdf --> alps.ifrc.mcw.edu /rgd_home/2.0/WWW/maps/images/SHRSP_X_BN SHRSP_X_BN_18.pdf
101.06.04 10:38 B D:\RGD\2.0\dorado\WWW\maps\images\SHRSP_X_BN\SHRSP_X_BN_19.gif --> alps.ifrc.mcw.edu /rgd_home/2.0/WWW/maps/images/SHRSP_X_BN SHRSP_X_BN_19.gif
101.06.04 10:38 A D:\RGD\2.0\dorado\WWW\maps\images\SHRSP_X_BN\SHRSP_X_BN_19.htm --> alps.ifrc.mcw.edu /rgd_home/2.0/WWW/maps/images/SHRSP_X_BN SHRSP_X_BN_19.htm
101.06.04 10:38 B D:\RGD\2.0\dorado\WWW\maps\images\SHRSP_X_BN\SHRSP_X_BN_19.pdf --> alps.ifrc.mcw.edu /rgd_home/2.0/WWW/maps/images/SHRSP_X_BN SHRSP_X_BN_19.pdf
101.06.04 10:38 B D:\RGD\2.0\dorado\WWW\maps\images\SHRSP_X_BN\SHRSP_X_BN_20.gif --> alps.ifrc.mcw.edu /rgd_home/2.0/WWW/maps/images/SHRSP_X_BN SHRSP_X_BN_20.gif
101.06.04 10:38 A D:\RGD\2.0\dorado\WWW\maps\images\SHRSP_X_BN\SHRSP_X_BN_20.htm --> alps.ifrc.mcw.edu /rgd_home/2.0/WWW/maps/images/SHRSP_X_BN SHRSP_X_BN_20.htm
101.06.04 10:38 B D:\RGD\2.0\dorado\WWW\maps\images\SHRSP_X_BN\SHRSP_X_BN_20.pdf --> alps.ifrc.mcw.edu /rgd_home/2.0/WWW/maps/images/SHRSP_X_BN SHRSP_X_BN_20.pdf
101.06.04 10:38 B D:\RGD\2.0\dorado\WWW\maps\images\SHRSP_X_BN\SHRSP_X_BN_21.gif --> alps.ifrc.mcw.edu /rgd_home/2.0/WWW/maps/images/SHRSP_X_BN SHRSP_X_BN_21.gif
101.06.04 10:38 A D:\RGD\2.0\dorado\WWW\maps\images\SHRSP_X_BN\SHRSP_X_BN_21.htm --> alps.ifrc.mcw.edu /rgd_home/2.0/WWW/maps/images/SHRSP_X_BN SHRSP_X_BN_21.htm
101.06.04 10:38 B D:\RGD\2.0\dorado\WWW\maps\images\SHRSP_X_BN\SHRSP_X_BN_21.pdf --> alps.ifrc.mcw.edu /rgd_home/2.0/WWW/maps/images/SHRSP_X_BN SHRSP_X_BN_21.pdf
101.06.04 10:38 B D:\RGD\2.0\dorado\WWW\maps\images\SHRSP_X_BN\test --> alps.ifrc.mcw.edu /rgd_home/2.0/WWW/maps/images/SHRSP_X_BN test
