102.08.12 17:47 B R:\dpasko\temp\web\tu\how_do_i\cnt_genomics.shtml <-- dorado /rgd_home/2.0/WWW/tu/how_do_i cnt_genomics.shtml
102.08.12 17:47 B R:\dpasko\temp\web\tu\how_do_i\cnt_index.shtml <-- dorado /rgd_home/2.0/WWW/tu/how_do_i cnt_index.shtml
102.08.12 17:47 B R:\dpasko\temp\web\tu\how_do_i\cnt_mapping.shtml <-- dorado /rgd_home/2.0/WWW/tu/how_do_i cnt_mapping.shtml
102.08.12 17:47 B R:\dpasko\temp\web\tu\how_do_i\cnt_mapping.shtml~ <-- dorado /rgd_home/2.0/WWW/tu/how_do_i cnt_mapping.shtml~
102.08.12 17:48 B R:\dpasko\temp\web\tu\how_do_i\cnt_sequences.shtml <-- dorado /rgd_home/2.0/WWW/tu/how_do_i cnt_sequences.shtml
102.08.12 17:48 B R:\dpasko\temp\web\tu\how_do_i\genomics.shtml <-- dorado /rgd_home/2.0/WWW/tu/how_do_i genomics.shtml
102.08.12 17:48 B R:\dpasko\temp\web\tu\how_do_i\index.shtml <-- dorado /rgd_home/2.0/WWW/tu/how_do_i index.shtml
102.08.12 17:48 B R:\dpasko\temp\web\tu\how_do_i\mapping.shtml <-- dorado /rgd_home/2.0/WWW/tu/how_do_i mapping.shtml
102.08.12 17:48 B R:\dpasko\temp\web\tu\how_do_i\sequences.shtml <-- dorado /rgd_home/2.0/WWW/tu/how_do_i sequences.shtml
102.08.12 17:49 B R:\dpasko\temp\web\tu\how_do_i\cnt_genomics.shtml --> alps.brc.mcw.edu /rgd_home/2.0/WWW/tu/how_do_i cnt_genomics.shtml
102.08.12 17:49 B R:\dpasko\temp\web\tu\how_do_i\cnt_index.shtml --> alps.brc.mcw.edu /rgd_home/2.0/WWW/tu/how_do_i cnt_index.shtml
102.08.12 17:49 B R:\dpasko\temp\web\tu\how_do_i\cnt_mapping.shtml --> alps.brc.mcw.edu /rgd_home/2.0/WWW/tu/how_do_i cnt_mapping.shtml
102.08.12 17:49 B R:\dpasko\temp\web\tu\how_do_i\cnt_mapping.shtml~ --> alps.brc.mcw.edu /rgd_home/2.0/WWW/tu/how_do_i cnt_mapping.shtml~
102.08.12 17:49 B R:\dpasko\temp\web\tu\how_do_i\cnt_sequences.shtml --> alps.brc.mcw.edu /rgd_home/2.0/WWW/tu/how_do_i cnt_sequences.shtml
102.08.12 17:49 B R:\dpasko\temp\web\tu\how_do_i\genomics.shtml --> alps.brc.mcw.edu /rgd_home/2.0/WWW/tu/how_do_i genomics.shtml
102.08.12 17:49 B R:\dpasko\temp\web\tu\how_do_i\index.shtml --> alps.brc.mcw.edu /rgd_home/2.0/WWW/tu/how_do_i index.shtml
102.08.12 17:49 B R:\dpasko\temp\web\tu\how_do_i\mapping.shtml --> alps.brc.mcw.edu /rgd_home/2.0/WWW/tu/how_do_i mapping.shtml
102.08.12 17:49 B R:\dpasko\temp\web\tu\how_do_i\sequences.shtml --> alps.brc.mcw.edu /rgd_home/2.0/WWW/tu/how_do_i sequences.shtml
102.08.12 17:49 B R:\dpasko\temp\web\tu\how_do_i\WS_FTP.LOG --> alps.brc.mcw.edu /rgd_home/2.0/WWW/tu/how_do_i WS_FTP.LOG
102.08.13 14:32 B R:\dpasko\temp\web\tu\how_do_i\cnt_genomics.shtml --> alps.brc.mcw.edu /ftp/pub/mirror/rgd/WWW/tu/how_do_i cnt_genomics.shtml
102.08.13 14:32 B R:\dpasko\temp\web\tu\how_do_i\cnt_index.shtml --> alps.brc.mcw.edu /ftp/pub/mirror/rgd/WWW/tu/how_do_i cnt_index.shtml
102.08.13 14:32 B R:\dpasko\temp\web\tu\how_do_i\cnt_mapping.shtml --> alps.brc.mcw.edu /ftp/pub/mirror/rgd/WWW/tu/how_do_i cnt_mapping.shtml
102.08.13 14:32 B R:\dpasko\temp\web\tu\how_do_i\cnt_mapping.shtml~ --> alps.brc.mcw.edu /ftp/pub/mirror/rgd/WWW/tu/how_do_i cnt_mapping.shtml~
102.08.13 14:32 B R:\dpasko\temp\web\tu\how_do_i\cnt_sequences.shtml --> alps.brc.mcw.edu /ftp/pub/mirror/rgd/WWW/tu/how_do_i cnt_sequences.shtml
102.08.13 14:32 B R:\dpasko\temp\web\tu\how_do_i\genomics.shtml --> alps.brc.mcw.edu /ftp/pub/mirror/rgd/WWW/tu/how_do_i genomics.shtml
102.08.13 14:32 B R:\dpasko\temp\web\tu\how_do_i\index.shtml --> alps.brc.mcw.edu /ftp/pub/mirror/rgd/WWW/tu/how_do_i index.shtml
102.08.13 14:32 B R:\dpasko\temp\web\tu\how_do_i\mapping.shtml --> alps.brc.mcw.edu /ftp/pub/mirror/rgd/WWW/tu/how_do_i mapping.shtml
102.08.13 14:32 B R:\dpasko\temp\web\tu\how_do_i\sequences.shtml --> alps.brc.mcw.edu /ftp/pub/mirror/rgd/WWW/tu/how_do_i sequences.shtml
