102.08.12 17:48 B R:\dpasko\temp\web\tu\strains\cnt_strains.shtml <-- dorado /rgd_home/2.0/WWW/tu/strains cnt_strains.shtml
102.08.12 17:48 B R:\dpasko\temp\web\tu\strains\cnt_strains2.shtml <-- dorado /rgd_home/2.0/WWW/tu/strains cnt_strains2.shtml
102.08.12 17:48 B R:\dpasko\temp\web\tu\strains\cnt_strains_shtml.shtml <-- dorado /rgd_home/2.0/WWW/tu/strains cnt_strains_shtml.shtml
102.08.12 17:48 B R:\dpasko\temp\web\tu\strains\index.shtml <-- dorado /rgd_home/2.0/WWW/tu/strains index.shtml
102.08.12 17:48 B R:\dpasko\temp\web\tu\strains\strain_form_help.html <-- dorado /rgd_home/2.0/WWW/tu/strains strain_form_help.html
102.08.12 17:48 B R:\dpasko\temp\web\tu\strains\strain_report_help.html <-- dorado /rgd_home/2.0/WWW/tu/strains strain_report_help.html
102.08.12 17:49 B R:\dpasko\temp\web\tu\strains\cnt_strains.shtml --> alps.brc.mcw.edu /rgd_home/2.0/WWW/tu/strains cnt_strains.shtml
102.08.12 17:49 B R:\dpasko\temp\web\tu\strains\cnt_strains2.shtml --> alps.brc.mcw.edu /rgd_home/2.0/WWW/tu/strains cnt_strains2.shtml
102.08.12 17:49 B R:\dpasko\temp\web\tu\strains\cnt_strains_shtml.shtml --> alps.brc.mcw.edu /rgd_home/2.0/WWW/tu/strains cnt_strains_shtml.shtml
102.08.12 17:49 B R:\dpasko\temp\web\tu\strains\index.shtml --> alps.brc.mcw.edu /rgd_home/2.0/WWW/tu/strains index.shtml
102.08.12 17:49 B R:\dpasko\temp\web\tu\strains\strain_form_help.html --> alps.brc.mcw.edu /rgd_home/2.0/WWW/tu/strains strain_form_help.html
102.08.12 17:49 B R:\dpasko\temp\web\tu\strains\strain_report_help.html --> alps.brc.mcw.edu /rgd_home/2.0/WWW/tu/strains strain_report_help.html
102.08.12 17:49 B R:\dpasko\temp\web\tu\strains\WS_FTP.LOG --> alps.brc.mcw.edu /rgd_home/2.0/WWW/tu/strains WS_FTP.LOG
102.08.13 11:35 A R:\dpasko\temp\web\tu\strains\strain_report_help.html <-- dorado /rgd_home/2.0/WWW/tu/strains strain_report_help.html
102.08.13 14:14 A R:\dpasko\temp\web\tu\strains\strain_report_help.html --> alps.brc.mcw.edu /rgd_home/2.0/WWW/tu/strains strain_report_help.html
102.08.13 14:33 B R:\dpasko\temp\web\tu\strains\cnt_strains.shtml --> alps.brc.mcw.edu /ftp/pub/mirror/rgd/WWW/tu/strains cnt_strains.shtml
102.08.13 14:33 B R:\dpasko\temp\web\tu\strains\cnt_strains2.shtml --> alps.brc.mcw.edu /ftp/pub/mirror/rgd/WWW/tu/strains cnt_strains2.shtml
102.08.13 14:33 B R:\dpasko\temp\web\tu\strains\cnt_strains_shtml.shtml --> alps.brc.mcw.edu /ftp/pub/mirror/rgd/WWW/tu/strains cnt_strains_shtml.shtml
102.08.13 14:33 B R:\dpasko\temp\web\tu\strains\index.shtml --> alps.brc.mcw.edu /ftp/pub/mirror/rgd/WWW/tu/strains index.shtml
102.08.13 14:33 B R:\dpasko\temp\web\tu\strains\strain_form_help.html --> alps.brc.mcw.edu /ftp/pub/mirror/rgd/WWW/tu/strains strain_form_help.html
102.08.13 14:33 B R:\dpasko\temp\web\tu\strains\strain_report_help.html --> alps.brc.mcw.edu /ftp/pub/mirror/rgd/WWW/tu/strains strain_report_help.html
