102.08.12 17:48 B R:\dpasko\temp\web\tu\images\chr19_bin_rpt.gif <-- dorado /rgd_home/2.0/WWW/tu/images chr19_bin_rpt.gif
102.08.12 17:48 B R:\dpasko\temp\web\tu\images\FHH_X_ACI_19.gif <-- dorado /rgd_home/2.0/WWW/tu/images FHH_X_ACI_19.gif
102.08.12 17:48 B R:\dpasko\temp\web\tu\images\figure01.gif <-- dorado /rgd_home/2.0/WWW/tu/images figure01.gif
102.08.12 17:48 B R:\dpasko\temp\web\tu\images\figure01_old.gif <-- dorado /rgd_home/2.0/WWW/tu/images figure01_old.gif
102.08.12 17:48 B R:\dpasko\temp\web\tu\images\figure01_s.gif <-- dorado /rgd_home/2.0/WWW/tu/images figure01_s.gif
102.08.12 17:48 B R:\dpasko\temp\web\tu\images\gen_scanner_form2.gif <-- dorado /rgd_home/2.0/WWW/tu/images gen_scanner_form2.gif
102.08.12 17:48 B R:\dpasko\temp\web\tu\images\gen_scanner_results.gif <-- dorado /rgd_home/2.0/WWW/tu/images gen_scanner_results.gif
102.08.12 17:48 B R:\dpasko\temp\web\tu\images\gen_scanner_rlist.gif <-- dorado /rgd_home/2.0/WWW/tu/images gen_scanner_rlist.gif
102.08.12 17:48 B R:\dpasko\temp\web\tu\images\gen_scanner_table.gif <-- dorado /rgd_home/2.0/WWW/tu/images gen_scanner_table.gif
102.08.12 17:48 B R:\dpasko\temp\web\tu\images\go_example.gif <-- dorado /rgd_home/2.0/WWW/tu/images go_example.gif
102.08.12 17:48 B R:\dpasko\temp\web\tu\images\help_genes.gif <-- dorado /rgd_home/2.0/WWW/tu/images help_genes.gif
102.08.12 17:48 B R:\dpasko\temp\web\tu\images\help_genes_s.gif <-- dorado /rgd_home/2.0/WWW/tu/images help_genes_s.gif
102.08.12 17:48 B R:\dpasko\temp\web\tu\images\help_gsearch.gif <-- dorado /rgd_home/2.0/WWW/tu/images help_gsearch.gif
102.08.12 17:48 B R:\dpasko\temp\web\tu\images\metagene_form.gif <-- dorado /rgd_home/2.0/WWW/tu/images metagene_form.gif
102.08.12 17:48 B R:\dpasko\temp\web\tu\images\QTL_diagram.jpg <-- dorado /rgd_home/2.0/WWW/tu/images QTL_diagram.jpg
102.08.12 17:48 B R:\dpasko\temp\web\tu\images\rcf_example.gif <-- dorado /rgd_home/2.0/WWW/tu/images rcf_example.gif
102.08.12 17:48 B R:\dpasko\temp\web\tu\images\rcf_forums.gif <-- dorado /rgd_home/2.0/WWW/tu/images rcf_forums.gif
102.08.12 17:48 B R:\dpasko\temp\web\tu\images\RGD_Help.gif <-- dorado /rgd_home/2.0/WWW/tu/images RGD_Help.gif
102.08.12 17:48 B R:\dpasko\temp\web\tu\images\RGD_Help_overview.jpg <-- dorado /rgd_home/2.0/WWW/tu/images RGD_Help_overview.jpg
102.08.12 17:48 B R:\dpasko\temp\web\tu\images\rh_chr1_placement.gif <-- dorado /rgd_home/2.0/WWW/tu/images rh_chr1_placement.gif
102.08.12 17:48 B R:\dpasko\temp\web\tu\images\rh_chr1_placement_slice.gif <-- dorado /rgd_home/2.0/WWW/tu/images rh_chr1_placement_slice.gif
102.08.12 17:48 B R:\dpasko\temp\web\tu\images\rh_mapp_form2.gif <-- dorado /rgd_home/2.0/WWW/tu/images rh_mapp_form2.gif
102.08.12 17:48 B R:\dpasko\temp\web\tu\images\rh_mapper_results.gif <-- dorado /rgd_home/2.0/WWW/tu/images rh_mapper_results.gif
102.08.12 17:48 B R:\dpasko\temp\web\tu\images\search_results.gif <-- dorado /rgd_home/2.0/WWW/tu/images search_results.gif
102.08.12 17:48 B R:\dpasko\temp\web\tu\images\try_it.gif <-- dorado /rgd_home/2.0/WWW/tu/images try_it.gif
102.08.12 17:48 B R:\dpasko\temp\web\tu\images\vcmap_query.gif <-- dorado /rgd_home/2.0/WWW/tu/images vcmap_query.gif
102.08.12 17:49 B R:\dpasko\temp\web\tu\images\chr19_bin_rpt.gif --> alps.brc.mcw.edu /rgd_home/2.0/WWW/tu/images chr19_bin_rpt.gif
102.08.12 17:49 B R:\dpasko\temp\web\tu\images\FHH_X_ACI_19.gif --> alps.brc.mcw.edu /rgd_home/2.0/WWW/tu/images FHH_X_ACI_19.gif
102.08.12 17:49 B R:\dpasko\temp\web\tu\images\figure01.gif --> alps.brc.mcw.edu /rgd_home/2.0/WWW/tu/images figure01.gif
102.08.12 17:49 B R:\dpasko\temp\web\tu\images\figure01_old.gif --> alps.brc.mcw.edu /rgd_home/2.0/WWW/tu/images figure01_old.gif
102.08.12 17:49 B R:\dpasko\temp\web\tu\images\figure01_s.gif --> alps.brc.mcw.edu /rgd_home/2.0/WWW/tu/images figure01_s.gif
102.08.12 17:49 B R:\dpasko\temp\web\tu\images\gen_scanner_form2.gif --> alps.brc.mcw.edu /rgd_home/2.0/WWW/tu/images gen_scanner_form2.gif
102.08.12 17:49 B R:\dpasko\temp\web\tu\images\gen_scanner_results.gif --> alps.brc.mcw.edu /rgd_home/2.0/WWW/tu/images gen_scanner_results.gif
102.08.12 17:49 B R:\dpasko\temp\web\tu\images\gen_scanner_rlist.gif --> alps.brc.mcw.edu /rgd_home/2.0/WWW/tu/images gen_scanner_rlist.gif
102.08.12 17:49 B R:\dpasko\temp\web\tu\images\gen_scanner_table.gif --> alps.brc.mcw.edu /rgd_home/2.0/WWW/tu/images gen_scanner_table.gif
102.08.12 17:49 B R:\dpasko\temp\web\tu\images\go_example.gif --> alps.brc.mcw.edu /rgd_home/2.0/WWW/tu/images go_example.gif
102.08.12 17:49 B R:\dpasko\temp\web\tu\images\help_genes.gif --> alps.brc.mcw.edu /rgd_home/2.0/WWW/tu/images help_genes.gif
102.08.12 17:49 B R:\dpasko\temp\web\tu\images\help_genes_s.gif --> alps.brc.mcw.edu /rgd_home/2.0/WWW/tu/images help_genes_s.gif
102.08.12 17:49 B R:\dpasko\temp\web\tu\images\help_gsearch.gif --> alps.brc.mcw.edu /rgd_home/2.0/WWW/tu/images help_gsearch.gif
102.08.12 17:49 B R:\dpasko\temp\web\tu\images\metagene_form.gif --> alps.brc.mcw.edu /rgd_home/2.0/WWW/tu/images metagene_form.gif
102.08.12 17:49 B R:\dpasko\temp\web\tu\images\QTL_diagram.jpg --> alps.brc.mcw.edu /rgd_home/2.0/WWW/tu/images QTL_diagram.jpg
102.08.12 17:49 B R:\dpasko\temp\web\tu\images\rcf_example.gif --> alps.brc.mcw.edu /rgd_home/2.0/WWW/tu/images rcf_example.gif
102.08.12 17:49 B R:\dpasko\temp\web\tu\images\rcf_forums.gif --> alps.brc.mcw.edu /rgd_home/2.0/WWW/tu/images rcf_forums.gif
102.08.12 17:49 B R:\dpasko\temp\web\tu\images\RGD_Help.gif --> alps.brc.mcw.edu /rgd_home/2.0/WWW/tu/images RGD_Help.gif
102.08.12 17:49 B R:\dpasko\temp\web\tu\images\RGD_Help_overview.jpg --> alps.brc.mcw.edu /rgd_home/2.0/WWW/tu/images RGD_Help_overview.jpg
102.08.12 17:49 B R:\dpasko\temp\web\tu\images\rh_chr1_placement.gif --> alps.brc.mcw.edu /rgd_home/2.0/WWW/tu/images rh_chr1_placement.gif
102.08.12 17:49 B R:\dpasko\temp\web\tu\images\rh_chr1_placement_slice.gif --> alps.brc.mcw.edu /rgd_home/2.0/WWW/tu/images rh_chr1_placement_slice.gif
102.08.12 17:49 B R:\dpasko\temp\web\tu\images\rh_mapp_form2.gif --> alps.brc.mcw.edu /rgd_home/2.0/WWW/tu/images rh_mapp_form2.gif
102.08.12 17:49 B R:\dpasko\temp\web\tu\images\rh_mapper_results.gif --> alps.brc.mcw.edu /rgd_home/2.0/WWW/tu/images rh_mapper_results.gif
102.08.12 17:49 B R:\dpasko\temp\web\tu\images\search_results.gif --> alps.brc.mcw.edu /rgd_home/2.0/WWW/tu/images search_results.gif
102.08.12 17:49 B R:\dpasko\temp\web\tu\images\try_it.gif --> alps.brc.mcw.edu /rgd_home/2.0/WWW/tu/images try_it.gif
102.08.12 17:49 B R:\dpasko\temp\web\tu\images\vcmap_query.gif --> alps.brc.mcw.edu /rgd_home/2.0/WWW/tu/images vcmap_query.gif
102.08.12 17:49 B R:\dpasko\temp\web\tu\images\WS_FTP.LOG --> alps.brc.mcw.edu /rgd_home/2.0/WWW/tu/images WS_FTP.LOG
102.08.13 14:32 B R:\dpasko\temp\web\tu\images\chr19_bin_rpt.gif --> alps.brc.mcw.edu /ftp/pub/mirror/rgd/WWW/tu/images chr19_bin_rpt.gif
102.08.13 14:32 B R:\dpasko\temp\web\tu\images\FHH_X_ACI_19.gif --> alps.brc.mcw.edu /ftp/pub/mirror/rgd/WWW/tu/images FHH_X_ACI_19.gif
102.08.13 14:32 B R:\dpasko\temp\web\tu\images\figure01.gif --> alps.brc.mcw.edu /ftp/pub/mirror/rgd/WWW/tu/images figure01.gif
102.08.13 14:32 B R:\dpasko\temp\web\tu\images\figure01_old.gif --> alps.brc.mcw.edu /ftp/pub/mirror/rgd/WWW/tu/images figure01_old.gif
102.08.13 14:32 B R:\dpasko\temp\web\tu\images\figure01_s.gif --> alps.brc.mcw.edu /ftp/pub/mirror/rgd/WWW/tu/images figure01_s.gif
102.08.13 14:32 B R:\dpasko\temp\web\tu\images\gen_scanner_form2.gif --> alps.brc.mcw.edu /ftp/pub/mirror/rgd/WWW/tu/images gen_scanner_form2.gif
102.08.13 14:32 B R:\dpasko\temp\web\tu\images\gen_scanner_results.gif --> alps.brc.mcw.edu /ftp/pub/mirror/rgd/WWW/tu/images gen_scanner_results.gif
102.08.13 14:32 B R:\dpasko\temp\web\tu\images\gen_scanner_rlist.gif --> alps.brc.mcw.edu /ftp/pub/mirror/rgd/WWW/tu/images gen_scanner_rlist.gif
102.08.13 14:32 B R:\dpasko\temp\web\tu\images\gen_scanner_table.gif --> alps.brc.mcw.edu /ftp/pub/mirror/rgd/WWW/tu/images gen_scanner_table.gif
102.08.13 14:32 B R:\dpasko\temp\web\tu\images\go_example.gif --> alps.brc.mcw.edu /ftp/pub/mirror/rgd/WWW/tu/images go_example.gif
102.08.13 14:32 B R:\dpasko\temp\web\tu\images\help_genes.gif --> alps.brc.mcw.edu /ftp/pub/mirror/rgd/WWW/tu/images help_genes.gif
102.08.13 14:32 B R:\dpasko\temp\web\tu\images\help_genes_s.gif --> alps.brc.mcw.edu /ftp/pub/mirror/rgd/WWW/tu/images help_genes_s.gif
102.08.13 14:32 B R:\dpasko\temp\web\tu\images\help_gsearch.gif --> alps.brc.mcw.edu /ftp/pub/mirror/rgd/WWW/tu/images help_gsearch.gif
102.08.13 14:32 B R:\dpasko\temp\web\tu\images\metagene_form.gif --> alps.brc.mcw.edu /ftp/pub/mirror/rgd/WWW/tu/images metagene_form.gif
102.08.13 14:32 B R:\dpasko\temp\web\tu\images\QTL_diagram.jpg --> alps.brc.mcw.edu /ftp/pub/mirror/rgd/WWW/tu/images QTL_diagram.jpg
102.08.13 14:32 B R:\dpasko\temp\web\tu\images\rcf_example.gif --> alps.brc.mcw.edu /ftp/pub/mirror/rgd/WWW/tu/images rcf_example.gif
102.08.13 14:32 B R:\dpasko\temp\web\tu\images\rcf_forums.gif --> alps.brc.mcw.edu /ftp/pub/mirror/rgd/WWW/tu/images rcf_forums.gif
102.08.13 14:32 B R:\dpasko\temp\web\tu\images\RGD_Help.gif --> alps.brc.mcw.edu /ftp/pub/mirror/rgd/WWW/tu/images RGD_Help.gif
102.08.13 14:32 B R:\dpasko\temp\web\tu\images\RGD_Help_overview.jpg --> alps.brc.mcw.edu /ftp/pub/mirror/rgd/WWW/tu/images RGD_Help_overview.jpg
102.08.13 14:32 B R:\dpasko\temp\web\tu\images\rh_chr1_placement.gif --> alps.brc.mcw.edu /ftp/pub/mirror/rgd/WWW/tu/images rh_chr1_placement.gif
102.08.13 14:32 B R:\dpasko\temp\web\tu\images\rh_chr1_placement_slice.gif --> alps.brc.mcw.edu /ftp/pub/mirror/rgd/WWW/tu/images rh_chr1_placement_slice.gif
102.08.13 14:33 B R:\dpasko\temp\web\tu\images\rh_mapp_form2.gif --> alps.brc.mcw.edu /ftp/pub/mirror/rgd/WWW/tu/images rh_mapp_form2.gif
102.08.13 14:33 B R:\dpasko\temp\web\tu\images\rh_mapper_results.gif --> alps.brc.mcw.edu /ftp/pub/mirror/rgd/WWW/tu/images rh_mapper_results.gif
102.08.13 14:33 B R:\dpasko\temp\web\tu\images\search_results.gif --> alps.brc.mcw.edu /ftp/pub/mirror/rgd/WWW/tu/images search_results.gif
102.08.13 14:33 B R:\dpasko\temp\web\tu\images\try_it.gif --> alps.brc.mcw.edu /ftp/pub/mirror/rgd/WWW/tu/images try_it.gif
102.08.13 14:33 B R:\dpasko\temp\web\tu\images\vcmap_query.gif --> alps.brc.mcw.edu /ftp/pub/mirror/rgd/WWW/tu/images vcmap_query.gif
